=~=~=~=~=~=~=~=~=~=~=~= PuTTY log 2023.03.05 18:43:58 =~=~=~=~=~=~=~=~=~=~=~=
Batt Voltage: 4.36 V
Button: 1(1 yes, 0 no)
Button valid: false
Current: 20.41 mA



Initialize successful



turned off IMU
Photoresistor: 14.00 (0-1023 scale)
Temp: 21.94 C
Current wait time value: -32
EEPROM time tracking finished!
Batt Voltage: 4.36 V
Button: 1(1 yes, 0 no)
Button valid: false
Current: 23.63 mA
IMU is on
Gyro_X: -0.46 Gyro_Y: 0.00 Gyro_Z: 0.01 Time: 6748
Photoresistor: 12.00 (0-1023 scale)
Temp: 21.94 C
Batt Voltage: 4.36 V
Button: 1(1 yes, 0 no)
Button valid: false
Current: 22.56 mA
IMU is on
Gyro_X: -0.39 Gyro_Y: 0.00 Gyro_Z: 0.01 Time: 6951
Photoresistor: 9.00 (0-1023 scale)
Temp: 21.29 C
not receiving serial response
Batt Voltage: 4.36 V
Button: 1(1 yes, 0 no)
Button valid: false
Current: 11.82 mA
IMU is on
Gyro_X: -0.38 Gyro_Y: -0.01 Gyro_Z: 0.00 Time: 7366
Photoresistor: 10.00 (0-1023 scale)
Temp: 20.97 C
powered on camera
Batt Voltage: 4.36 V
Button: 1(1 yes, 0 no)
Button valid: false
Current: 7.52 mA
IMU is on
Gyro_X: -0.38 Gyro_Y: -0.01 Gyro_Z: 0.00 Time: 7582
Photoresistor: 13.00 (0-1023 scale)
Temp: 21.61 C
###### Go into setting resolution #####
Batt Voltage: 4.36 V
Button: 1(1 yes, 0 no)
Button valid: false
Current: 15.04 mA
IMU is on
Gyro_X: -0.38 Gyro_Y: -0.00 Gyro_Z: 0.00 Time: 7785
Photoresistor: 11.00 (0-1023 scale)
Temp: 21.94 C
###### Go into setting resolution #####
Batt Voltage: 4.35 V
Button: 1(1 yes, 0 no)
Button valid: false
Current: 16.11 mA
IMU is on
Gyro_X: -0.38 Gyro_Y: -0.00 Gyro_Z: 0.01 Time: 7989
Photoresistor: 10.00 (0-1023 scale)
Temp: 21.29 C
###### Go into setting resolution #####
Setting resolution succeeded
Batt Voltage: 4.36 V
Button: 1(1 yes, 0 no)
Button valid: false
Current: 19.34 mA
IMU is on
Gyro_X: -0.38 Gyro_Y: -0.00 Gyro_Z: 0.00 Time: 8235
Photoresistor: 13.00 (0-1023 scale)
Temp: 21.61 C
resolution fetched successfully: 34
Batt Voltage: 4.36 V
Button: 1(1 yes, 0 no)
Button valid: false
Current: 29.00 mA
IMU is on
Gyro_X: 0.50 Gyro_Y: 0.20 Gyro_Z: 0.34 Time: 8453
Photoresistor: 10.00 (0-1023 scale)
Temp: 21.61 C
camera initialization successful
Batt Voltage: 4.36 V
Button: 1(1 yes, 0 no)
Button valid: false
Current: 3.22 mA
IMU is on
Gyro_X: -0.20 Gyro_Y: -0.01 Gyro_Z: -0.13 Time: 8657
Photoresistor: 9.00 (0-1023 scale)
Temp: 21.29 C
Batt Voltage: 4.36 V
Button: 1(1 yes, 0 no)
Button valid: false
Current: 6.45 mA
IMU is on
Gyro_X: -0.08 Gyro_Y: 0.14 Gyro_Z: -0.11 Time: 8860
Photoresistor: 10.00 (0-1023 scale)
Temp: 21.29 C
Batt Voltage: 4.36 V
Button: 1(1 yes, 0 no)
Button valid: false
Current: 6.45 mA
IMU is on
Gyro_X: 0.08 Gyro_Y: 0.27 Gyro_Z: 0.04 Time: 9063
Photoresistor: 9.00 (0-1023 scale)
Temp: 21.61 C
Batt Voltage: 4.35 V
Button: 1(1 yes, 0 no)
Button valid: false
Current: 6.45 mA
IMU is on
Gyro_X: 0.01 Gyro_Y: -0.20 Gyro_Z: 0.17 Time: 9266
Photoresistor: 11.00 (0-1023 scale)
Temp: 21.29 C
Batt Voltage: 4.36 V
Button: 1(1 yes, 0 no)
Button valid: false
Current: 20.41 mA
IMU is on
Gyro_X: 0.02 Gyro_Y: -0.12 Gyro_Z: 0.14 Time: 9470
Photoresistor: 12.00 (0-1023 scale)
Temp: 21.61 C
Batt Voltage: 4.35 V
Button: 1(1 yes, 0 no)
Button valid: false
Current: 6.45 mA
IMU is on
Gyro_X: 0.04 Gyro_Y: 0.35 Gyro_Z: 0.12 Time: 9673
Photoresistor: 9.00 (0-1023 scale)
Temp: 21.61 C
Batt Voltage: 4.35 V
Button: 1(1 yes, 0 no)
Button valid: false
Current: 23.63 mA
IMU is on
Gyro_X: -0.28 Gyro_Y: -0.14 Gyro_Z: 0.00 Time: 9876
Photoresistor: 9.00 (0-1023 scale)
Temp: 21.61 C
Batt Voltage: 4.35 V
Button: 1(1 yes, 0 no)
Button valid: false
Current: 23.63 mA
IMU is on
Gyro_X: -0.43 Gyro_Y: 0.10 Gyro_Z: 0.14 Time: 10080
Photoresistor: 9.00 (0-1023 scale)
Temp: 21.61 C
Batt Voltage: 4.35 V
Button: 1(1 yes, 0 no)
Button valid: false
Current: 3.22 mA
IMU is on
Gyro_X: -1.34 Gyro_Y: 0.57 Gyro_Z: 0.92 Time: 10283
Photoresistor: 14.00 (0-1023 scale)
Temp: 21.94 C
Batt Voltage: 4.36 V
Button: 1(1 yes, 0 no)
Button valid: false
Current: 4.30 mA
IMU is on
Gyro_X: -3.21 Gyro_Y: 1.71 Gyro_Z: 2.42 Time: 10486
Photoresistor: 10.00 (0-1023 scale)
Temp: 21.61 C
Batt Voltage: 4.36 V
Button: 1(1 yes, 0 no)
Button valid: false
Current: 4.30 mA
IMU is on
Gyro_X: -3.12 Gyro_Y: 1.10 Gyro_Z: 2.58 Time: 10690
Photoresistor: 10.75 (0-1023 scale)
Temp: 21.61 C
Batt Voltage: 4.35 V
Button: 1(1 yes, 0 no)
Button valid: false
Current: 26.86 mA
IMU is on
Gyro_X: -2.83 Gyro_Y: 1.36 Gyro_Z: 2.52 Time: 10893
Photoresistor: 10.60 (0-1023 scale)
Temp: 21.61 C
Batt Voltage: 4.36 V
Button: 1(1 yes, 0 no)
Button valid: false
Current: 17.19 mA
IMU is on
Gyro_X: -2.77 Gyro_Y: 1.27 Gyro_Z: 2.28 Time: 11096
Photoresistor: 10.55 (0-1023 scale)
Temp: 21.61 C
Batt Voltage: 4.36 V
Button: 1(1 yes, 0 no)
Button valid: false
Current: 11.82 mA
IMU is on
Gyro_X: -2.54 Gyro_Y: 0.72 Gyro_Z: 2.38 Time: 11300
Photoresistor: 10.65 (0-1023 scale)
Temp: 21.61 C
Batt Voltage: 4.36 V
Button: 1(1 yes, 0 no)
Button valid: false
Current: 6.45 mA
IMU is on
Gyro_X: -2.16 Gyro_Y: 1.24 Gyro_Z: 2.16 Time: 11503
Photoresistor: 10.75 (0-1023 scale)
Temp: 21.61 C
Batt Voltage: 4.36 V
Button: 1(1 yes, 0 no)
Button valid: false
Current: 3.22 mA
IMU is on
Gyro_X: -2.18 Gyro_Y: 0.97 Gyro_Z: 1.75 Time: 11706
Photoresistor: 10.60 (0-1023 scale)
Temp: 21.61 C
Batt Voltage: 4.36 V
Button: 1(1 yes, 0 no)
Button valid: false
Current: 3.22 mA
IMU is on
Gyro_X: -1.99 Gyro_Y: 0.21 Gyro_Z: 1.77 Time: 11910
Photoresistor: 10.60 (0-1023 scale)
Temp: 21.61 C
Batt Voltage: 4.36 V
Button: 1(1 yes, 0 no)
Button valid: false
Current: 6.45 mA
IMU is on
Gyro_X: -1.47 Gyro_Y: 0.63 Gyro_Z: 1.65 Time: 12113
Photoresistor: 10.65 (0-1023 scale)
Temp: 21.61 C
Batt Voltage: 4.36 V
Button: 1(1 yes, 0 no)
Button valid: false
Current: 17.19 mA
IMU is on
Gyro_X: -1.39 Gyro_Y: 0.62 Gyro_Z: 1.17 Time: 12316
Photoresistor: 10.55 (0-1023 scale)
Temp: 21.29 C
Batt Voltage: 4.36 V
Button: 1(1 yes, 0 no)
Button valid: false
Current: 34.38 mA
IMU is on
Gyro_X: -1.40 Gyro_Y: 0.11 Gyro_Z: 0.78 Time: 12520
Photoresistor: 10.70 (0-1023 scale)
Temp: 21.61 C
Batt Voltage: 4.36 V
Button: 1(1 yes, 0 no)
Button valid: false
Current: 15.04 mA
IMU is on
Gyro_X: -1.03 Gyro_Y: 0.29 Gyro_Z: 0.54 Time: 12723
Photoresistor: 10.80 (0-1023 scale)
Temp: 21.61 C
Batt Voltage: 4.36 V
Button: 1(1 yes, 0 no)
Button valid: false
Current: 29.00 mA
IMU is on
Gyro_X: -0.67 Gyro_Y: 0.22 Gyro_Z: 0.43 Time: 12926
Photoresistor: 11.00 (0-1023 scale)
Temp: 21.94 C
Batt Voltage: 4.36 V
Button: 1(1 yes, 0 no)
Button valid: false
Current: 3.22 mA
IMU is on
Gyro_X: -0.31 Gyro_Y: 0.11 Gyro_Z: 0.34 Time: 13130
Photoresistor: 11.10 (0-1023 scale)
Temp: 22.26 C
Batt Voltage: 4.37 V
Button: 1(1 yes, 0 no)
Button valid: false
Current: 7.52 mA
IMU is on
Gyro_X: 0.13 Gyro_Y: 0.43 Gyro_Z: 0.14 Time: 13333
Photoresistor: 11.10 (0-1023 scale)
Temp: 21.61 C
Batt Voltage: 4.37 V
Button: 1(1 yes, 0 no)
Button valid: false
Current: 3.22 mA
IMU is on
Gyro_X: 0.24 Gyro_Y: 0.08 Gyro_Z: -0.11 Time: 13536
Photoresistor: 11.00 (0-1023 scale)
Temp: 21.94 C
Batt Voltage: 4.37 V
Button: 1(1 yes, 0 no)
Button valid: false
Current: 12.89 mA
IMU is on
Gyro_X: 0.22 Gyro_Y: -0.48 Gyro_Z: -0.41 Time: 13740
Photoresistor: 11.10 (0-1023 scale)
Temp: 21.94 C
Batt Voltage: 4.37 V
Button: 1(1 yes, 0 no)
Button valid: false
Current: 3.22 mA
IMU is on
Gyro_X: 0.45 Gyro_Y: -0.34 Gyro_Z: -0.69 Time: 13943
Photoresistor: 11.30 (0-1023 scale)
Temp: 22.26 C
Batt Voltage: 4.37 V
Button: 1(1 yes, 0 no)
Button valid: false
Current: 18.26 mA
IMU is on
Gyro_X: 0.75 Gyro_Y: -0.33 Gyro_Z: -0.79 Time: 14146
Photoresistor: 11.40 (0-1023 scale)
Temp: 21.94 C
Batt Voltage: 4.37 V
Button: 1(1 yes, 0 no)
Button valid: false
Current: 5.37 mA
IMU is on
Gyro_X: 1.07 Gyro_Y: -0.46 Gyro_Z: -0.76 Time: 14350
Photoresistor: 11.25 (0-1023 scale)
Temp: 22.26 C
Batt Voltage: 4.37 V
Button: 1(1 yes, 0 no)
Button valid: false
Current: 19.34 mA
IMU is on
Gyro_X: 1.41 Gyro_Y: -0.36 Gyro_Z: -0.77 Time: 14553
Photoresistor: 11.25 (0-1023 scale)
Temp: 22.26 C
Batt Voltage: 4.37 V
Button: 1(1 yes, 0 no)
Button valid: false
Current: 10.74 mA
IMU is on
Gyro_X: 1.43 Gyro_Y: -0.56 Gyro_Z: -0.97 Time: 14756
Photoresistor: 11.35 (0-1023 scale)
Temp: 21.94 C
Batt Voltage: 4.37 V
Button: 1(1 yes, 0 no)
Button valid: false
Current: 3.22 mA
IMU is on
Gyro_X: 1.36 Gyro_Y: -0.58 Gyro_Z: -1.33 Time: 14960
Photoresistor: 11.45 (0-1023 scale)
Temp: 22.26 C
Batt Voltage: 4.37 V
Button: 1(1 yes, 0 no)
Button valid: false
Current: 4.30 mA
IMU is on
Gyro_X: 1.59 Gyro_Y: -0.17 Gyro_Z: -1.47 Time: 15163
Photoresistor: 11.45 (0-1023 scale)
Temp: 21.94 C
Batt Voltage: 4.37 V
Button: 1(1 yes, 0 no)
Button valid: false
Current: 29.00 mA
IMU is on
Gyro_X: 1.73 Gyro_Y: -0.41 Gyro_Z: -1.38 Time: 15366
Photoresistor: 11.60 (0-1023 scale)
Temp: 22.26 C
Batt Voltage: 4.37 V
Button: 1(1 yes, 0 no)
Button valid: false
Current: 19.34 mA
IMU is on
Gyro_X: 1.64 Gyro_Y: -0.84 Gyro_Z: -1.49 Time: 15570
Photoresistor: 11.60 (0-1023 scale)
Temp: 22.26 C
Batt Voltage: 4.37 V
Button: 1(1 yes, 0 no)
Button valid: false
Current: 25.78 mA
IMU is on
Gyro_X: 1.61 Gyro_Y: -0.72 Gyro_Z: -1.70 Time: 15773
Photoresistor: 11.65 (0-1023 scale)
Temp: 22.58 C
Batt Voltage: 4.37 V
Button: 1(1 yes, 0 no)
Button valid: false
Current: 3.22 mA
IMU is on
Gyro_X: 1.70 Gyro_Y: -0.67 Gyro_Z: -1.70 Time: 15976
Photoresistor: 11.75 (0-1023 scale)
Temp: 21.94 C
Batt Voltage: 4.37 V
Button: 1(1 yes, 0 no)
Button valid: false
Current: 4.30 mA
IMU is on
Gyro_X: 1.86 Gyro_Y: -0.77 Gyro_Z: -1.52 Time: 16180
Photoresistor: 11.75 (0-1023 scale)
Temp: 22.26 C
Batt Voltage: 4.37 V
Button: 1(1 yes, 0 no)
Button valid: false
Current: 16.11 mA
IMU is on
Gyro_X: 1.92 Gyro_Y: -0.88 Gyro_Z: -1.42 Time: 16383
Photoresistor: 11.65 (0-1023 scale)
Temp: 22.26 C
Batt Voltage: 4.37 V
Button: 1(1 yes, 0 no)
Button valid: false
Current: 22.56 mA
IMU is on
Gyro_X: 1.78 Gyro_Y: -0.99 Gyro_Z: -1.52 Time: 16586
Photoresistor: 11.55 (0-1023 scale)
Temp: 22.26 C
Batt Voltage: 4.37 V
Button: 1(1 yes, 0 no)
Button valid: false
Current: 3.22 mA
IMU is on
Gyro_X: 1.82 Gyro_Y: -0.68 Gyro_Z: -1.54 Time: 16790
Photoresistor: 11.65 (0-1023 scale)
Temp: 21.94 C
Batt Voltage: 4.37 V
Button: 1(1 yes, 0 no)
Button valid: false
Current: 16.11 mA
IMU is on
Gyro_X: 2.00 Gyro_Y: -0.45 Gyro_Z: -1.31 Time: 16993
Photoresistor: 11.50 (0-1023 scale)
Temp: 23.23 C
Batt Voltage: 4.37 V
Button: 1(1 yes, 0 no)
Button valid: false
Current: 9.67 mA
IMU is on
Gyro_X: 1.88 Gyro_Y: -0.73 Gyro_Z: -1.23 Time: 17196
Photoresistor: 11.50 (0-1023 scale)
Temp: 22.58 C
Batt Voltage: 4.37 V
Button: 1(1 yes, 0 no)
Button valid: false
Current: 4.30 mA
IMU is on
Gyro_X: 1.64 Gyro_Y: -0.68 Gyro_Z: -1.43 Time: 17400
Photoresistor: 11.55 (0-1023 scale)
Temp: 22.58 C
Batt Voltage: 4.37 V
Button: 1(1 yes, 0 no)
Button valid: false
Current: 10.74 mA
IMU is on
Gyro_X: 1.58 Gyro_Y: -0.30 Gyro_Z: -1.51 Time: 17603
Photoresistor: 11.55 (0-1023 scale)
Temp: 22.26 C
Batt Voltage: 4.37 V
Button: 1(1 yes, 0 no)
Button valid: false
Current: 20.41 mA
IMU is on
Gyro_X: 1.56 Gyro_Y: -0.33 Gyro_Z: -1.35 Time: 17806
Photoresistor: 11.50 (0-1023 scale)
Temp: 21.94 C
Batt Voltage: 4.37 V
Button: 1(1 yes, 0 no)
Button valid: false
Current: 17.19 mA
IMU is on
Gyro_X: 1.44 Gyro_Y: -0.53 Gyro_Z: -1.21 Time: 18010
Photoresistor: 11.40 (0-1023 scale)
Temp: 22.58 C
Batt Voltage: 4.37 V
Button: 1(1 yes, 0 no)
Button valid: false
Current: 26.86 mA
IMU is on
Gyro_X: 1.21 Gyro_Y: -0.65 Gyro_Z: -1.21 Time: 18213
Photoresistor: 11.45 (0-1023 scale)
Temp: 21.94 C
Batt Voltage: 4.37 V
Button: 1(1 yes, 0 no)
Button valid: false
Current: 5.37 mA
IMU is on
Gyro_X: 1.01 Gyro_Y: -0.64 Gyro_Z: -1.21 Time: 18416
Photoresistor: 11.40 (0-1023 scale)
Temp: 22.26 C
Batt Voltage: 4.37 V
Button: 1(1 yes, 0 no)
Button valid: false
Current: 24.71 mA
IMU is on
Gyro_X: 1.05 Gyro_Y: -0.40 Gyro_Z: -0.99 Time: 18620
Photoresistor: 11.35 (0-1023 scale)
Temp: 21.94 C
Batt Voltage: 4.37 V
Button: 1(1 yes, 0 no)
Button valid: false
Current: 27.93 mA
IMU is on
Gyro_X: 1.12 Gyro_Y: -0.32 Gyro_Z: -0.64 Time: 18823
Photoresistor: 11.25 (0-1023 scale)
Temp: 22.58 C
Batt Voltage: 4.37 V
Button: 1(1 yes, 0 no)
Button valid: false
Current: 15.04 mA
IMU is on
Gyro_X: 0.96 Gyro_Y: -0.49 Gyro_Z: -0.47 Time: 19026
Photoresistor: 11.10 (0-1023 scale)
Temp: 21.94 C
Batt Voltage: 4.37 V
Button: 1(1 yes, 0 no)
Button valid: false
Current: 6.45 mA
IMU is on
Gyro_X: 0.71 Gyro_Y: -0.33 Gyro_Z: -0.55 Time: 19230
Photoresistor: 11.15 (0-1023 scale)
Temp: 22.26 C
Batt Voltage: 4.37 V
Button: 1(1 yes, 0 no)
Button valid: false
Current: 16.11 mA
IMU is on
Gyro_X: 0.50 Gyro_Y: -0.02 Gyro_Z: -0.64 Time: 19433
Photoresistor: 11.00 (0-1023 scale)
Temp: 22.26 C
Batt Voltage: 4.37 V
Button: 1(1 yes, 0 no)
Button valid: false
Current: 8.59 mA
IMU is on
Gyro_X: 0.34 Gyro_Y: 0.05 Gyro_Z: -0.56 Time: 19636
Photoresistor: 10.85 (0-1023 scale)
Temp: 21.94 C
Batt Voltage: 4.37 V
Button: 1(1 yes, 0 no)
Button valid: false
Current: 27.93 mA
IMU is on
Gyro_X: 0.29 Gyro_Y: 0.01 Gyro_Z: -0.32 Time: 19839
Photoresistor: 10.80 (0-1023 scale)
Temp: 21.61 C
Batt Voltage: 4.37 V
Button: 1(1 yes, 0 no)
Button valid: false
Current: 34.38 mA
IMU is on
Gyro_X: 0.21 Gyro_Y: -0.19 Gyro_Z: -0.06 Time: 20043
Photoresistor: 10.70 (0-1023 scale)
Temp: 21.94 C
Batt Voltage: 4.37 V
Button: 1(1 yes, 0 no)
Button valid: false
Current: 10.74 mA
IMU is on
Gyro_X: 0.04 Gyro_Y: -0.36 Gyro_Z: 0.09 Time: 20246
Photoresistor: 10.65 (0-1023 scale)
Temp: 21.94 C
Batt Voltage: 4.37 V
Button: 1(1 yes, 0 no)
Button valid: false
Current: 11.82 mA
IMU is on
Gyro_X: -0.08 Gyro_Y: -0.11 Gyro_Z: 0.09 Time: 20449
Photoresistor: 10.65 (0-1023 scale)
Temp: 21.94 C
Batt Voltage: 4.37 V
Button: 1(1 yes, 0 no)
Button valid: false
Current: 11.82 mA
IMU is on
Gyro_X: -0.21 Gyro_Y: 0.25 Gyro_Z: 0.04 Time: 20653
Photoresistor: 10.55 (0-1023 scale)
Temp: 21.94 C
Batt Voltage: 4.37 V
Button: 1(1 yes, 0 no)
Button valid: false
Current: 3.22 mA
IMU is on
Gyro_X: -0.37 Gyro_Y: 0.34 Gyro_Z: 0.05 Time: 20856
Photoresistor: 10.45 (0-1023 scale)
Temp: 21.94 C
Batt Voltage: 4.37 V
Button: 1(1 yes, 0 no)
Button valid: false
Current: 2.15 mA
IMU is on
Gyro_X: -0.43 Gyro_Y: 0.31 Gyro_Z: 0.22 Time: 21059
Photoresistor: 10.40 (0-1023 scale)
Temp: 22.26 C
Batt Voltage: 4.37 V
Button: 1(1 yes, 0 no)
Button valid: false
Current: 3.22 mA
IMU is on
Gyro_X: -0.45 Gyro_Y: 0.12 Gyro_Z: 0.48 Time: 21263
Photoresistor: 10.45 (0-1023 scale)
Temp: 21.94 C
Batt Voltage: 4.37 V
Button: 1(1 yes, 0 no)
Button valid: false
Current: 7.52 mA
IMU is on
Gyro_X: -0.49 Gyro_Y: -0.03 Gyro_Z: 0.68 Time: 21466
Photoresistor: 10.40 (0-1023 scale)
Temp: 22.26 C
Batt Voltage: 4.37 V
Button: 1(1 yes, 0 no)
Button valid: false
Current: 4.30 mA
IMU is on
Gyro_X: -0.58 Gyro_Y: 0.14 Gyro_Z: 0.67 Time: 21669
Photoresistor: 10.40 (0-1023 scale)
Temp: 22.58 C
Batt Voltage: 4.37 V
Button: 1(1 yes, 0 no)
Button valid: false
Current: 3.22 mA
IMU is on
Gyro_X: -0.80 Gyro_Y: 0.31 Gyro_Z: 0.50 Time: 21873
Photoresistor: 10.45 (0-1023 scale)
Temp: 21.94 C
Batt Voltage: 4.37 V
Button: 1(1 yes, 0 no)
Button valid: false
Current: 20.41 mA
IMU is on
Gyro_X: -1.00 Gyro_Y: 0.30 Gyro_Z: 0.39 Time: 22076
Photoresistor: 10.45 (0-1023 scale)
Temp: 21.61 C
Batt Voltage: 4.37 V
Button: 1(1 yes, 0 no)
Button valid: false
Current: 21.48 mA
IMU is on
Gyro_X: -0.99 Gyro_Y: 0.33 Gyro_Z: 0.51 Time: 22279
Photoresistor: 10.40 (0-1023 scale)
Temp: 21.94 C
Batt Voltage: 4.37 V
Button: 1(1 yes, 0 no)
Button valid: false
Current: 4.30 mA
IMU is on
Gyro_X: -0.84 Gyro_Y: 0.38 Gyro_Z: 0.74 Time: 22483
Photoresistor: 10.50 (0-1023 scale)
Temp: 21.94 C
Batt Voltage: 4.37 V
Button: 1(1 yes, 0 no)
Button valid: false
Current: 6.45 mA
IMU is on
Gyro_X: -0.73 Gyro_Y: 0.46 Gyro_Z: 0.88 Time: 22686
Photoresistor: 10.50 (0-1023 scale)
Temp: 22.26 C
Batt Voltage: 4.37 V
Button: 1(1 yes, 0 no)
Button valid: false
Current: 6.45 mA
IMU is on
Gyro_X: -0.77 Gyro_Y: 0.52 Gyro_Z: 0.83 Time: 22889
Photoresistor: 10.50 (0-1023 scale)
Temp: 21.61 C
Batt Voltage: 4.37 V
Button: 1(1 yes, 0 no)
Button valid: false
Current: 24.71 mA
IMU is on
Gyro_X: -0.93 Gyro_Y: 0.30 Gyro_Z: 0.73 Time: 23093
Photoresistor: 10.65 (0-1023 scale)
Temp: 22.58 C
Batt Voltage: 4.37 V
Button: 1(1 yes, 0 no)
Button valid: false
Current: 11.82 mA
IMU is on
Gyro_X: -1.02 Gyro_Y: 0.03 Gyro_Z: 0.72 Time: 23296
Photoresistor: 10.65 (0-1023 scale)
Temp: 22.58 C
Batt Voltage: 4.37 V
Button: 1(1 yes, 0 no)
Button valid: false
Current: 11.82 mA
IMU is on
Gyro_X: -0.95 Gyro_Y: 0.08 Gyro_Z: 0.73 Time: 23499
Photoresistor: 10.55 (0-1023 scale)
Temp: 22.58 C
Batt Voltage: 4.37 V
Button: 1(1 yes, 0 no)
Button valid: false
Current: 5.37 mA
IMU is on
Gyro_X: -0.88 Gyro_Y: 0.33 Gyro_Z: 0.65 Time: 23703
Photoresistor: 10.60 (0-1023 scale)
Temp: 22.26 C
Batt Voltage: 4.37 V
Button: 1(1 yes, 0 no)
Button valid: false
Current: 5.37 mA
IMU is on
Gyro_X: -0.87 Gyro_Y: 0.52 Gyro_Z: 0.51 Time: 23906
Photoresistor: 10.60 (0-1023 scale)
Temp: 22.58 C
Batt Voltage: 4.37 V
Button: 1(1 yes, 0 no)
Button valid: false
Current: 16.11 mA
IMU is on
Gyro_X: -0.83 Gyro_Y: 0.53 Gyro_Z: 0.45 Time: 24109
Photoresistor: 10.60 (0-1023 scale)
Temp: 22.58 C
Batt Voltage: 4.37 V
Button: 1(1 yes, 0 no)
Button valid: false
Current: 9.67 mA
IMU is on
Gyro_X: -0.72 Gyro_Y: 0.30 Gyro_Z: 0.56 Time: 24313
Photoresistor: 10.65 (0-1023 scale)
Temp: 21.94 C
Batt Voltage: 4.37 V
Button: 1(1 yes, 0 no)
Button valid: false
Current: 6.45 mA
IMU is on
Gyro_X: -0.56 Gyro_Y: 0.11 Gyro_Z: 0.72 Time: 24516
Photoresistor: 10.75 (0-1023 scale)
Temp: 22.58 C
Batt Voltage: 4.37 V
Button: 1(1 yes, 0 no)
Button valid: false
Current: 7.52 mA
IMU is on
Gyro_X: -0.46 Gyro_Y: 0.14 Gyro_Z: 0.70 Time: 24719
Photoresistor: 10.85 (0-1023 scale)
Temp: 22.26 C
Batt Voltage: 4.37 V
Button: 1(1 yes, 0 no)
Button valid: false
Current: 10.74 mA
IMU is on
Gyro_X: -0.53 Gyro_Y: 0.17 Gyro_Z: 0.47 Time: 24923
Photoresistor: 10.90 (0-1023 scale)
Temp: 23.23 C
Batt Voltage: 4.37 V
Button: 1(1 yes, 0 no)
Button valid: false
Current: 4.30 mA
IMU is on
Gyro_X: -0.64 Gyro_Y: 0.15 Gyro_Z: 0.20 Time: 25126
Photoresistor: 11.00 (0-1023 scale)
Temp: 22.58 C
Batt Voltage: 4.37 V
Button: 1(1 yes, 0 no)
Button valid: false
Current: 4.30 mA
IMU is on
Gyro_X: -0.61 Gyro_Y: 0.16 Gyro_Z: 0.10 Time: 25329
Photoresistor: 11.00 (0-1023 scale)
Temp: 22.26 C
Batt Voltage: 4.37 V
Button: 1(1 yes, 0 no)
Button valid: false
Current: 3.22 mA
IMU is on
Gyro_X: -0.41 Gyro_Y: 0.13 Gyro_Z: 0.19 Time: 25532
Photoresistor: 11.00 (0-1023 scale)
Temp: 21.94 C
Batt Voltage: 4.37 V
Button: 1(1 yes, 0 no)
Button valid: false
Current: 24.71 mA
IMU is on
Gyro_X: -0.16 Gyro_Y: 0.16 Gyro_Z: 0.34 Time: 25736
Photoresistor: 11.10 (0-1023 scale)
Temp: 22.26 C
Batt Voltage: 4.37 V
Button: 1(1 yes, 0 no)
Button valid: false
Current: 17.19 mA
IMU is on
Gyro_X: -0.01 Gyro_Y: 0.19 Gyro_Z: 0.35 Time: 25939
Photoresistor: 11.15 (0-1023 scale)
Temp: 22.26 C
Batt Voltage: 4.37 V
Button: 1(1 yes, 0 no)
Button valid: false
Current: 34.38 mA
IMU is on
Gyro_X: -0.08 Gyro_Y: 0.06 Gyro_Z: 0.18 Time: 26142
Photoresistor: 11.15 (0-1023 scale)
Temp: 22.90 C
Batt Voltage: 4.37 V
Button: 1(1 yes, 0 no)
Button valid: false
Current: 4.30 mA
IMU is on
Gyro_X: -0.21 Gyro_Y: -0.08 Gyro_Z: -0.06 Time: 26346
Photoresistor: 11.20 (0-1023 scale)
Temp: 21.94 C
Batt Voltage: 4.37 V
Button: 1(1 yes, 0 no)
Button valid: false
Current: 17.19 mA
IMU is on
Gyro_X: -0.22 Gyro_Y: -0.09 Gyro_Z: -0.20 Time: 26549
Photoresistor: 11.05 (0-1023 scale)
Temp: 22.58 C
Batt Voltage: 4.37 V
Button: 1(1 yes, 0 no)
Button valid: false
Current: 3.22 mA
IMU is on
Gyro_X: -0.06 Gyro_Y: -0.05 Gyro_Z: -0.16 Time: 26752
Photoresistor: 11.15 (0-1023 scale)
Temp: 22.26 C
Batt Voltage: 4.37 V
Button: 1(1 yes, 0 no)
Button valid: false
Current: 6.45 mA
IMU is on
Gyro_X: 0.20 Gyro_Y: 0.03 Gyro_Z: -0.02 Time: 26956
Photoresistor: 11.20 (0-1023 scale)
Temp: 22.26 C
Batt Voltage: 4.37 V
Button: 1(1 yes, 0 no)
Button valid: false
Current: 10.74 mA
IMU is on
Gyro_X: 0.35 Gyro_Y: 0.05 Gyro_Z: 0.04 Time: 27159
Photoresistor: 11.15 (0-1023 scale)
Temp: 21.94 C
Batt Voltage: 4.37 V
Button: 1(1 yes, 0 no)
Button valid: false
Current: 27.93 mA
IMU is on
Gyro_X: 0.30 Gyro_Y: -0.07 Gyro_Z: -0.06 Time: 27362
Photoresistor: 11.20 (0-1023 scale)
Temp: 21.94 C
Batt Voltage: 4.37 V
Button: 1(1 yes, 0 no)
Button valid: false
Current: 5.37 mA
IMU is on
Gyro_X: 0.13 Gyro_Y: -0.16 Gyro_Z: -0.30 Time: 27566
Photoresistor: 11.25 (0-1023 scale)
Temp: 21.61 C
Batt Voltage: 4.37 V
Button: 1(1 yes, 0 no)
Button valid: false
Current: 11.82 mA
IMU is on
Gyro_X: 0.07 Gyro_Y: -0.12 Gyro_Z: -0.46 Time: 27769
Photoresistor: 11.20 (0-1023 scale)
Temp: 22.26 C
Batt Voltage: 4.37 V
Button: 1(1 yes, 0 no)
Button valid: false
Current: 4.30 mA
IMU is on
Gyro_X: 0.16 Gyro_Y: -0.10 Gyro_Z: -0.41 Time: 27972
Photoresistor: 11.20 (0-1023 scale)
Temp: 22.26 C
Batt Voltage: 4.37 V
Button: 1(1 yes, 0 no)
Button valid: false
Current: 18.26 mA
IMU is on
Gyro_X: 0.37 Gyro_Y: -0.09 Gyro_Z: -0.21 Time: 28176
Photoresistor: 11.25 (0-1023 scale)
Temp: 21.61 C
Batt Voltage: 4.37 V
Button: 1(1 yes, 0 no)
Button valid: false
Current: 5.37 mA
IMU is on
Gyro_X: 0.50 Gyro_Y: -0.14 Gyro_Z: -0.06 Time: 28379
Photoresistor: 11.20 (0-1023 scale)
Temp: 22.58 C
Batt Voltage: 4.37 V
Button: 1(1 yes, 0 no)
Button valid: false
Current: 20.41 mA
IMU is on
Gyro_X: 0.43 Gyro_Y: -0.21 Gyro_Z: -0.13 Time: 28582
Photoresistor: 11.10 (0-1023 scale)
Temp: 22.26 C
Batt Voltage: 4.37 V
Button: 1(1 yes, 0 no)
Button valid: false
Current: 9.67 mA
IMU is on
Gyro_X: 0.27 Gyro_Y: -0.14 Gyro_Z: -0.36 Time: 28786
Photoresistor: 11.00 (0-1023 scale)
Temp: 21.94 C
Batt Voltage: 4.37 V
Button: 1(1 yes, 0 no)
Button valid: false
Current: 3.22 mA
IMU is on
Gyro_X: 0.20 Gyro_Y: -0.01 Gyro_Z: -0.52 Time: 28989
Photoresistor: 10.95 (0-1023 scale)
Temp: 21.94 C
Batt Voltage: 4.37 V
Button: 1(1 yes, 0 no)
Button valid: false
Current: 5.37 mA
IMU is on
Gyro_X: 0.24 Gyro_Y: 0.00 Gyro_Z: -0.47 Time: 29192
Photoresistor: 10.90 (0-1023 scale)
Temp: 21.94 C
Batt Voltage: 4.37 V
Button: 1(1 yes, 0 no)
Button valid: false
Current: 3.22 mA
IMU is on
Gyro_X: 0.37 Gyro_Y: -0.12 Gyro_Z: -0.27 Time: 29395
Photoresistor: 10.90 (0-1023 scale)
Temp: 21.61 C
Batt Voltage: 4.37 V
Button: 1(1 yes, 0 no)
Button valid: false
Current: 3.22 mA
IMU is on
Gyro_X: 0.43 Gyro_Y: -0.30 Gyro_Z: -0.11 Time: 29599
Photoresistor: 10.80 (0-1023 scale)
Temp: 21.94 C
Batt Voltage: 4.37 V
Button: 1(1 yes, 0 no)
Button valid: false
Current: 17.19 mA
IMU is on
Gyro_X: 0.36 Gyro_Y: -0.33 Gyro_Z: -0.14 Time: 29802
Photoresistor: 10.75 (0-1023 scale)
Temp: 22.58 C
Batt Voltage: 4.37 V
Button: 1(1 yes, 0 no)
Button valid: false
Current: 19.34 mA
IMU is on
Gyro_X: 0.28 Gyro_Y: -0.12 Gyro_Z: -0.30 Time: 30005
Photoresistor: 10.80 (0-1023 scale)
Temp: 22.26 C
Batt Voltage: 4.37 V
Button: 1(1 yes, 0 no)
Button valid: false
Current: 7.52 mA
IMU is on
Gyro_X: 0.24 Gyro_Y: 0.11 Gyro_Z: -0.42 Time: 30209
Photoresistor: 11.00 (0-1023 scale)
Temp: 22.58 C
Batt Voltage: 4.37 V
Button: 1(1 yes, 0 no)
Button valid: false
Current: 20.41 mA
IMU is on
Gyro_X: 0.25 Gyro_Y: 0.13 Gyro_Z: -0.37 Time: 30412
Photoresistor: 10.90 (0-1023 scale)
Temp: 22.26 C
Batt Voltage: 4.37 V
Button: 1(1 yes, 0 no)
Button valid: false
Current: 4.30 mA
IMU is on
Gyro_X: 0.27 Gyro_Y: -0.06 Gyro_Z: -0.22 Time: 30615
Photoresistor: 11.10 (0-1023 scale)
Temp: 21.94 C
Batt Voltage: 4.37 V
Button: 1(1 yes, 0 no)
Button valid: false
Current: 6.45 mA
IMU is on
Gyro_X: 0.23 Gyro_Y: -0.31 Gyro_Z: -0.11 Time: 30819
Photoresistor: 11.05 (0-1023 scale)
Temp: 22.58 C
Batt Voltage: 4.37 V
Button: 1(1 yes, 0 no)
Button valid: false
Current: 4.30 mA
IMU is on
Gyro_X: 0.17 Gyro_Y: -0.36 Gyro_Z: -0.11 Time: 31022
Photoresistor: 11.10 (0-1023 scale)
Temp: 21.94 C
Batt Voltage: 4.37 V
Button: 1(1 yes, 0 no)
Button valid: false
Current: 4.30 mA
IMU is on
Gyro_X: -0.04 Gyro_Y: 0.26 Gyro_Z: 0.09 Time: 31225
Photoresistor: 11.15 (0-1023 scale)
Temp: 21.94 C
Batt Voltage: 4.37 V
Button: 1(1 yes, 0 no)
Button valid: false
Current: 5.37 mA
IMU is on
Gyro_X: -0.71 Gyro_Y: 0.38 Gyro_Z: 0.41 Time: 31429
Photoresistor: 11.00 (0-1023 scale)
Temp: 21.94 C
Batt Voltage: 4.37 V
Button: 1(1 yes, 0 no)
Button valid: false
Current: 3.22 mA
IMU is on
Gyro_X: -0.68 Gyro_Y: 0.68 Gyro_Z: 0.53 Time: 31632
Photoresistor: 11.10 (0-1023 scale)
Temp: 21.94 C
Batt Voltage: 4.37 V
Button: 1(1 yes, 0 no)
Button valid: false
Current: 3.22 mA
IMU is on
Gyro_X: -2.62 Gyro_Y: 1.19 Gyro_Z: 1.99 Time: 31835
Photoresistor: 11.20 (0-1023 scale)
Temp: 22.58 C
Batt Voltage: 4.37 V
Button: 1(1 yes, 0 no)
Button valid: false
Current: 4.30 mA
IMU is on
Gyro_X: -2.92 Gyro_Y: 0.88 Gyro_Z: 2.85 Time: 32039
Photoresistor: 11.30 (0-1023 scale)
Temp: 22.26 C
Batt Voltage: 4.37 V
Button: 1(1 yes, 0 no)
Button valid: false
Current: 3.22 mA
IMU is on
Gyro_X: -2.57 Gyro_Y: 1.67 Gyro_Z: 2.69 Time: 32242
Photoresistor: 11.25 (0-1023 scale)
Temp: 21.94 C
Batt Voltage: 4.37 V
Button: 1(1 yes, 0 no)
Button valid: false
Current: 6.45 mA
IMU is on
Gyro_X: -2.84 Gyro_Y: 1.30 Gyro_Z: 2.23 Time: 32445
Photoresistor: 11.40 (0-1023 scale)
Temp: 21.94 C
Batt Voltage: 4.37 V
Button: 1(1 yes, 0 no)
Button valid: false
Current: 22.56 mA
IMU is on
Gyro_X: -2.61 Gyro_Y: 0.75 Gyro_Z: 2.38 Time: 32649
Photoresistor: 11.50 (0-1023 scale)
Temp: 21.94 C
Batt Voltage: 4.37 V
Button: 1(1 yes, 0 no)
Button valid: false
Current: 32.23 mA
IMU is on
Gyro_X: -2.13 Gyro_Y: 1.17 Gyro_Z: 2.37 Time: 32852
Photoresistor: 11.70 (0-1023 scale)
Temp: 21.94 C
Batt Voltage: 4.37 V
Button: 1(1 yes, 0 no)
Button valid: false
Current: 20.41 mA
IMU is on
Gyro_X: -2.13 Gyro_Y: 0.95 Gyro_Z: 2.00 Time: 33055
Photoresistor: 11.75 (0-1023 scale)
Temp: 22.26 C
Batt Voltage: 4.37 V
Button: 1(1 yes, 0 no)
Button valid: false
Current: 7.52 mA
IMU is on
Gyro_X: -2.06 Gyro_Y: 0.56 Gyro_Z: 1.78 Time: 33259
Photoresistor: 11.70 (0-1023 scale)
Temp: 21.94 C
Batt Voltage: 4.37 V
Button: 1(1 yes, 0 no)
Button valid: false
Current: 19.34 mA
IMU is on
Gyro_X: -1.78 Gyro_Y: 0.42 Gyro_Z: 1.65 Time: 33462
Photoresistor: 11.75 (0-1023 scale)
Temp: 22.58 C
Batt Voltage: 4.37 V
Button: 1(1 yes, 0 no)
Button valid: false
Current: 22.56 mA
IMU is on
Gyro_X: -1.57 Gyro_Y: 0.19 Gyro_Z: 1.48 Time: 33665
Photoresistor: 12.00 (0-1023 scale)
Temp: 22.58 C
Batt Voltage: 4.37 V
Button: 1(1 yes, 0 no)
Button valid: false
Current: 5.37 mA
IMU is on
Gyro_X: -1.41 Gyro_Y: 0.40 Gyro_Z: 1.04 Time: 33868
Photoresistor: 11.90 (0-1023 scale)
Temp: 22.26 C
Batt Voltage: 4.37 V
Button: 1(1 yes, 0 no)
Button valid: false
Current: 5.37 mA
IMU is on
Gyro_X: -1.32 Gyro_Y: 0.53 Gyro_Z: 0.52 Time: 34072
Photoresistor: 11.80 (0-1023 scale)
Temp: 22.26 C
Batt Voltage: 4.37 V
Button: 1(1 yes, 0 no)
Button valid: false
Current: 12.89 mA
IMU is on
Gyro_X: -1.13 Gyro_Y: 0.16 Gyro_Z: 0.34 Time: 34275
Photoresistor: 11.55 (0-1023 scale)
Temp: 22.58 C
Batt Voltage: 4.37 V
Button: 1(1 yes, 0 no)
Button valid: false
Current: 15.04 mA
IMU is on
Gyro_X: -0.58 Gyro_Y: 0.23 Gyro_Z: 0.41 Time: 34478
Photoresistor: 11.55 (0-1023 scale)
Temp: 21.61 C
Batt Voltage: 4.37 V
Button: 1(1 yes, 0 no)
Button valid: false
Current: 21.48 mA
IMU is on
Gyro_X: -0.00 Gyro_Y: 0.45 Gyro_Z: 0.43 Time: 34682
Photoresistor: 11.40 (0-1023 scale)
Temp: 21.94 C
Batt Voltage: 4.37 V
Button: 1(1 yes, 0 no)
Button valid: false
Current: 10.74 mA
IMU is on
Gyro_X: 0.20 Gyro_Y: 0.12 Gyro_Z: 0.28 Time: 34885
Photoresistor: 11.50 (0-1023 scale)
Temp: 22.26 C
Batt Voltage: 4.37 V
Button: 1(1 yes, 0 no)
Button valid: false
Current: 29.00 mA
IMU is on
Gyro_X: 0.21 Gyro_Y: -0.15 Gyro_Z: -0.10 Time: 35088
Photoresistor: 11.55 (0-1023 scale)
Temp: 21.94 C
Batt Voltage: 4.37 V
Button: 1(1 yes, 0 no)
Button valid: false
Current: 19.34 mA
IMU is on
Gyro_X: 0.19 Gyro_Y: -0.26 Gyro_Z: -0.57 Time: 35292
Photoresistor: 11.45 (0-1023 scale)
Temp: 22.26 C
Batt Voltage: 4.37 V
Button: 1(1 yes, 0 no)
Button valid: false
Current: 3.22 mA
IMU is on
Gyro_X: 0.31 Gyro_Y: -0.39 Gyro_Z: -0.85 Time: 35495
Photoresistor: 11.60 (0-1023 scale)
Temp: 22.26 C
Batt Voltage: 4.37 V
Button: 1(1 yes, 0 no)
Button valid: false
Current: 22.56 mA
IMU is on
Gyro_X: 0.76 Gyro_Y: -0.25 Gyro_Z: -0.81 Time: 35698
Photoresistor: 11.55 (0-1023 scale)
Temp: 22.26 C
Batt Voltage: 4.37 V
Button: 1(1 yes, 0 no)
Button valid: false
Current: 15.04 mA
IMU is on
Gyro_X: 1.25 Gyro_Y: -0.30 Gyro_Z: -0.60 Time: 35902
Photoresistor: 11.60 (0-1023 scale)
Temp: 21.94 C
Batt Voltage: 4.37 V
Button: 1(1 yes, 0 no)
Button valid: false
Current: 4.30 mA
IMU is on
Gyro_X: 1.34 Gyro_Y: -0.75 Gyro_Z: -0.65 Time: 36105
Photoresistor: 11.55 (0-1023 scale)
Temp: 21.94 C
Batt Voltage: 4.37 V
Button: 1(1 yes, 0 no)
Button valid: false
Current: 11.82 mA
IMU is on
Gyro_X: 1.27 Gyro_Y: -0.67 Gyro_Z: -1.07 Time: 36308
Photoresistor: 11.50 (0-1023 scale)
Temp: 22.90 C
Batt Voltage: 4.37 V
Button: 1(1 yes, 0 no)
Button valid: false
Current: 13.96 mA
IMU is on
Gyro_X: 1.41 Gyro_Y: -0.20 Gyro_Z: -1.36 Time: 36512
Photoresistor: 11.35 (0-1023 scale)
Temp: 22.90 C
Batt Voltage: 4.37 V
Button: 1(1 yes, 0 no)
Button valid: false
Current: 7.52 mA
IMU is on
Gyro_X: 1.65 Gyro_Y: -0.17 Gyro_Z: -1.32 Time: 36715
Photoresistor: 11.25 (0-1023 scale)
Temp: 22.90 C
Batt Voltage: 4.37 V
Button: 1(1 yes, 0 no)
Button valid: false
Current: 17.19 mA
IMU is on
Gyro_X: 1.73 Gyro_Y: -0.49 Gyro_Z: -1.28 Time: 36918
Photoresistor: 11.10 (0-1023 scale)
Temp: 22.58 C
Batt Voltage: 4.37 V
Button: 1(1 yes, 0 no)
Button valid: false
Current: 19.34 mA
IMU is on
Gyro_X: 1.54 Gyro_Y: -0.79 Gyro_Z: -1.54 Time: 37121
Photoresistor: 10.95 (0-1023 scale)
Temp: 22.58 C
Batt Voltage: 4.37 V
Button: 1(1 yes, 0 no)
Button valid: false
Current: 4.30 mA
IMU is on
Gyro_X: 1.45 Gyro_Y: -0.71 Gyro_Z: -1.82 Time: 37325
Photoresistor: 11.00 (0-1023 scale)
Temp: 22.26 C
Batt Voltage: 4.37 V
Button: 1(1 yes, 0 no)
Button valid: false
Current: 27.93 mA
IMU is on
Gyro_X: 1.72 Gyro_Y: -0.48 Gyro_Z: -1.67 Time: 37528
Photoresistor: 10.95 (0-1023 scale)
Temp: 22.26 C
Batt Voltage: 4.37 V
Button: 1(1 yes, 0 no)
Button valid: false
Current: 23.63 mA
IMU is on
Gyro_X: 1.91 Gyro_Y: -0.77 Gyro_Z: -1.35 Time: 37731
Photoresistor: 10.70 (0-1023 scale)
Temp: 22.58 C
Batt Voltage: 4.37 V
Button: 1(1 yes, 0 no)
Button valid: false
Current: 4.30 mA
IMU is on
Gyro_X: 1.72 Gyro_Y: -1.19 Gyro_Z: -1.41 Time: 37935
Photoresistor: 10.80 (0-1023 scale)
Temp: 22.26 C
Batt Voltage: 4.37 V
Button: 1(1 yes, 0 no)
Button valid: false
Current: 6.45 mA
IMU is on
Gyro_X: 1.64 Gyro_Y: -0.87 Gyro_Z: -1.61 Time: 38138
Photoresistor: 10.80 (0-1023 scale)
Temp: 22.58 C
Batt Voltage: 4.37 V
Button: 1(1 yes, 0 no)
Button valid: false
Current: 25.78 mA
IMU is on
Gyro_X: 1.88 Gyro_Y: -0.45 Gyro_Z: -1.43 Time: 38341
Photoresistor: 10.80 (0-1023 scale)
Temp: 22.90 C
Batt Voltage: 4.37 V
Button: 1(1 yes, 0 no)
Button valid: false
Current: 6.45 mA
IMU is on
Gyro_X: 1.99 Gyro_Y: -0.62 Gyro_Z: -1.12 Time: 38545
Photoresistor: 10.85 (0-1023 scale)
Temp: 22.58 C
Batt Voltage: 4.37 V
Button: 1(1 yes, 0 no)
Button valid: false
Current: 19.34 mA
IMU is on
Gyro_X: 1.78 Gyro_Y: -0.79 Gyro_Z: -1.18 Time: 38748
Photoresistor: 11.05 (0-1023 scale)
Temp: 22.58 C
Batt Voltage: 4.37 V
Button: 1(1 yes, 0 no)
Button valid: false
Current: 11.82 mA
IMU is on
Gyro_X: 1.53 Gyro_Y: -0.56 Gyro_Z: -1.47 Time: 38951
Photoresistor: 11.00 (0-1023 scale)
Temp: 21.94 C
Batt Voltage: 4.37 V
Button: 1(1 yes, 0 no)
Button valid: false
Current: 19.34 mA
IMU is on
Gyro_X: 1.53 Gyro_Y: -0.20 Gyro_Z: -1.49 Time: 39155
Photoresistor: 10.85 (0-1023 scale)
Temp: 22.58 C
Batt Voltage: 4.37 V
Button: 1(1 yes, 0 no)
Button valid: false
Current: 6.45 mA
IMU is on
Gyro_X: 1.61 Gyro_Y: -0.20 Gyro_Z: -1.23 Time: 39358
Photoresistor: 10.85 (0-1023 scale)
Temp: 22.58 C
Batt Voltage: 4.37 V
Button: 1(1 yes, 0 no)
Button valid: false
Current: 18.26 mA
IMU is on
Gyro_X: 1.38 Gyro_Y: -0.63 Gyro_Z: -1.13 Time: 39561
Photoresistor: 10.75 (0-1023 scale)
Temp: 22.58 C
Batt Voltage: 4.37 V
Button: 1(1 yes, 0 no)
Button valid: false
Current: 18.26 mA
IMU is on
Gyro_X: 1.01 Gyro_Y: -0.79 Gyro_Z: -1.28 Time: 39765
Photoresistor: 10.75 (0-1023 scale)
Temp: 22.26 C
Batt Voltage: 4.37 V
Button: 1(1 yes, 0 no)
Button valid: false
Current: 3.22 mA
IMU is on
Gyro_X: 0.93 Gyro_Y: -0.45 Gyro_Z: -1.27 Time: 39968
Photoresistor: 10.75 (0-1023 scale)
Temp: 22.26 C
Batt Voltage: 4.37 V
Button: 1(1 yes, 0 no)
Button valid: false
Current: 3.22 mA
IMU is on
Gyro_X: 1.09 Gyro_Y: -0.29 Gyro_Z: -0.88 Time: 40171
Photoresistor: 10.80 (0-1023 scale)
Temp: 21.94 C
Batt Voltage: 4.37 V
Button: 1(1 yes, 0 no)
Button valid: false
Current: 23.63 mA
IMU is on
Gyro_X: 1.13 Gyro_Y: -0.47 Gyro_Z: -0.47 Time: 40375
Photoresistor: 10.80 (0-1023 scale)
Temp: 22.58 C
Batt Voltage: 4.37 V
Button: 1(1 yes, 0 no)
Button valid: false
Current: 27.93 mA
IMU is on
Gyro_X: 0.93 Gyro_Y: -0.53 Gyro_Z: -0.41 Time: 40578
Photoresistor: 10.85 (0-1023 scale)
Temp: 22.26 C
Batt Voltage: 4.37 V
Button: 1(1 yes, 0 no)
Button valid: false
Current: 12.89 mA
IMU is on
Gyro_X: 0.61 Gyro_Y: -0.33 Gyro_Z: -0.59 Time: 40781
Photoresistor: 11.10 (0-1023 scale)
Temp: 21.94 C
Batt Voltage: 4.37 V
Button: 1(1 yes, 0 no)
Button valid: false
Current: 27.93 mA
IMU is on
Gyro_X: 0.40 Gyro_Y: 0.05 Gyro_Z: -0.71 Time: 40984
Photoresistor: 11.15 (0-1023 scale)
Temp: 22.26 C
Batt Voltage: 4.37 V
Button: 1(1 yes, 0 no)
Button valid: false
Current: 19.34 mA
IMU is on
Gyro_X: 0.38 Gyro_Y: 0.26 Gyro_Z: -0.54 Time: 41188
Photoresistor: 11.20 (0-1023 scale)
Temp: 22.58 C
Batt Voltage: 4.37 V
Button: 1(1 yes, 0 no)
Button valid: false
Current: 7.52 mA
IMU is on
Gyro_X: 0.32 Gyro_Y: -0.01 Gyro_Z: -0.22 Time: 41391
Photoresistor: 11.10 (0-1023 scale)
Temp: 22.58 C
Batt Voltage: 4.37 V
Button: 1(1 yes, 0 no)
Button valid: false
Current: 4.30 mA
IMU is on
Gyro_X: 0.17 Gyro_Y: -0.39 Gyro_Z: 0.03 Time: 41594
Photoresistor: 11.05 (0-1023 scale)
Temp: 22.26 C
Batt Voltage: 4.37 V
Button: 1(1 yes, 0 no)
Button valid: false
Current: 7.52 mA
IMU is on
Gyro_X: -0.00 Gyro_Y: -0.41 Gyro_Z: 0.10 Time: 41798
Photoresistor: 11.25 (0-1023 scale)
Temp: 22.58 C
Batt Voltage: 4.37 V
Button: 1(1 yes, 0 no)
Button valid: false
Current: 17.19 mA
IMU is on
Gyro_X: -0.16 Gyro_Y: -0.10 Gyro_Z: 0.03 Time: 42001
Photoresistor: 11.40 (0-1023 scale)
Temp: 22.58 C
Batt Voltage: 4.37 V
Button: 1(1 yes, 0 no)
Button valid: false
Current: 4.30 mA
IMU is on
Gyro_X: -0.26 Gyro_Y: 0.32 Gyro_Z: -0.03 Time: 42204
Photoresistor: 11.45 (0-1023 scale)
Temp: 22.26 C
Batt Voltage: 4.37 V
Button: 1(1 yes, 0 no)
Button valid: false
Current: 11.82 mA
IMU is on
Gyro_X: -0.31 Gyro_Y: 0.55 Gyro_Z: 0.05 Time: 42408
Photoresistor: 11.45 (0-1023 scale)
Temp: 21.94 C
Batt Voltage: 4.37 V
Button: 1(1 yes, 0 no)
Button valid: false
Current: 3.22 mA
IMU is on
Gyro_X: -0.38 Gyro_Y: 0.32 Gyro_Z: 0.29 Time: 42611
Photoresistor: 11.55 (0-1023 scale)
Temp: 22.26 C
Batt Voltage: 4.37 V
Button: 1(1 yes, 0 no)
Button valid: false
Current: 4.30 mA
IMU is on
Gyro_X: -0.42 Gyro_Y: -0.02 Gyro_Z: 0.58 Time: 42814
Photoresistor: 11.40 (0-1023 scale)
Temp: 22.58 C
Batt Voltage: 4.37 V
Button: 1(1 yes, 0 no)
Button valid: false
Current: 20.41 mA
IMU is on
Gyro_X: -0.47 Gyro_Y: -0.10 Gyro_Z: 0.73 Time: 43017
Photoresistor: 11.55 (0-1023 scale)
Temp: 22.26 C
Batt Voltage: 4.37 V
Button: 1(1 yes, 0 no)
Button valid: false
Current: 4.30 mA
IMU is on
Gyro_X: -0.64 Gyro_Y: 0.06 Gyro_Z: 0.63 Time: 43221
Photoresistor: 11.55 (0-1023 scale)
Temp: 22.90 C
Batt Voltage: 4.37 V
Button: 1(1 yes, 0 no)
Button valid: false
Current: 3.22 mA
IMU is on
Gyro_X: -0.88 Gyro_Y: 0.30 Gyro_Z: 0.39 Time: 43424
Photoresistor: 11.60 (0-1023 scale)
Temp: 22.58 C
Batt Voltage: 4.37 V
Button: 1(1 yes, 0 no)
Button valid: false
Current: 11.82 mA
IMU is on
Gyro_X: -1.03 Gyro_Y: 0.43 Gyro_Z: 0.28 Time: 43627
Photoresistor: 11.60 (0-1023 scale)
Temp: 22.26 C
Batt Voltage: 4.37 V
Button: 1(1 yes, 0 no)
Button valid: false
Current: 6.45 mA
IMU is on
Gyro_X: -0.97 Gyro_Y: 0.39 Gyro_Z: 0.46 Time: 43831
Photoresistor: 11.50 (0-1023 scale)
Temp: 22.90 C
Batt Voltage: 4.37 V
Button: 1(1 yes, 0 no)
Button valid: false
Current: 10.74 mA
IMU is on
Gyro_X: -0.74 Gyro_Y: 0.42 Gyro_Z: 0.80 Time: 44034
Photoresistor: 11.50 (0-1023 scale)
Temp: 21.94 C
Batt Voltage: 4.37 V
Button: 1(1 yes, 0 no)
Button valid: false
Current: 4.30 mA
IMU is on
Gyro_X: -0.59 Gyro_Y: 0.52 Gyro_Z: 0.97 Time: 44237
Photoresistor: 11.60 (0-1023 scale)
Temp: 22.58 C
Batt Voltage: 4.37 V
Button: 1(1 yes, 0 no)
Button valid: false
Current: 3.22 mA
IMU is on
Gyro_X: -0.71 Gyro_Y: 0.43 Gyro_Z: 0.89 Time: 44441
Photoresistor: 11.65 (0-1023 scale)
Temp: 22.58 C
Batt Voltage: 4.37 V
Button: 1(1 yes, 0 no)
Button valid: false
Current: 22.56 mA
IMU is on
Gyro_X: -0.94 Gyro_Y: 0.15 Gyro_Z: 0.72 Time: 44644
Photoresistor: 11.70 (0-1023 scale)
Temp: 22.26 C
Batt Voltage: 4.37 V
Button: 1(1 yes, 0 no)
Button valid: false
Current: 11.82 mA
IMU is on
Gyro_X: -1.06 Gyro_Y: -0.06 Gyro_Z: 0.64 Time: 44847
Photoresistor: 11.45 (0-1023 scale)
Temp: 22.90 C
Batt Voltage: 4.37 V
Button: 1(1 yes, 0 no)
Button valid: false
Current: 4.30 mA
IMU is on
Gyro_X: -1.01 Gyro_Y: 0.02 Gyro_Z: 0.63 Time: 45051
Photoresistor: 11.40 (0-1023 scale)
Temp: 22.90 C
Batt Voltage: 4.37 V
Button: 1(1 yes, 0 no)
Button valid: false
Current: 6.45 mA
IMU is on
Gyro_X: -0.88 Gyro_Y: 0.40 Gyro_Z: 0.57 Time: 45254
Photoresistor: 11.45 (0-1023 scale)
Temp: 21.94 C
Batt Voltage: 4.37 V
Button: 1(1 yes, 0 no)
Button valid: false
Current: 10.74 mA
IMU is on
Gyro_X: -0.80 Gyro_Y: 0.70 Gyro_Z: 0.46 Time: 45457
Photoresistor: 11.65 (0-1023 scale)
Temp: 22.26 C
Batt Voltage: 4.37 V
Button: 1(1 yes, 0 no)
Button valid: false
Current: 4.30 mA
IMU is on
Gyro_X: -0.75 Gyro_Y: 0.59 Gyro_Z: 0.46 Time: 45660
Photoresistor: 11.65 (0-1023 scale)
Temp: 22.26 C
Batt Voltage: 4.37 V
Button: 1(1 yes, 0 no)
Button valid: false
Current: 6.45 mA
IMU is on
Gyro_X: -0.63 Gyro_Y: 0.26 Gyro_Z: 0.63 Time: 45864
Photoresistor: 11.50 (0-1023 scale)
Temp: 22.26 C
Batt Voltage: 4.37 V
Button: 1(1 yes, 0 no)
Button valid: false
Current: 22.56 mA
IMU is on
Gyro_X: -0.49 Gyro_Y: 0.01 Gyro_Z: 0.79 Time: 46067
Photoresistor: 11.25 (0-1023 scale)
Temp: 22.26 C
Batt Voltage: 4.37 V
Button: 1(1 yes, 0 no)
Button valid: false
Current: 3.22 mA
IMU is on
Gyro_X: -0.46 Gyro_Y: -0.03 Gyro_Z: 0.71 Time: 46270
Photoresistor: 11.15 (0-1023 scale)
Temp: 22.26 C
Batt Voltage: 4.37 V
Button: 1(1 yes, 0 no)
Button valid: false
Current: 11.82 mA
IMU is on
Gyro_X: -0.58 Gyro_Y: 0.11 Gyro_Z: 0.39 Time: 46474
Photoresistor: 11.25 (0-1023 scale)
Temp: 22.58 C
Batt Voltage: 4.37 V
Button: 1(1 yes, 0 no)
Button valid: false
Current: 3.22 mA
IMU is on
Gyro_X: -0.70 Gyro_Y: 0.24 Gyro_Z: 0.07 Time: 46677
Photoresistor: 11.05 (0-1023 scale)
Temp: 22.58 C
Batt Voltage: 4.37 V
Button: 1(1 yes, 0 no)
Button valid: false
Current: 6.45 mA
IMU is on
Gyro_X: -0.63 Gyro_Y: 0.25 Gyro_Z: 0.00 Time: 46880
Photoresistor: 11.00 (0-1023 scale)
Temp: 22.58 C
Batt Voltage: 4.37 V
Button: 1(1 yes, 0 no)
Button valid: false
Current: 22.56 mA
IMU is on
Gyro_X: -0.34 Gyro_Y: 0.22 Gyro_Z: 0.22 Time: 47084
Photoresistor: 11.00 (0-1023 scale)
Temp: 22.58 C
Batt Voltage: 4.37 V
Button: 1(1 yes, 0 no)
Button valid: false
Current: 7.52 mA
IMU is on
Gyro_X: -0.04 Gyro_Y: 0.16 Gyro_Z: 0.45 Time: 47287
Photoresistor: 11.10 (0-1023 scale)
Temp: 22.26 C
Batt Voltage: 4.37 V
Button: 1(1 yes, 0 no)
Button valid: false
Current: 10.74 mA
IMU is on
Gyro_X: 0.04 Gyro_Y: 0.05 Gyro_Z: 0.45 Time: 47490
Photoresistor: 11.15 (0-1023 scale)
Temp: 22.58 C
Batt Voltage: 4.37 V
Button: 1(1 yes, 0 no)
Button valid: false
Current: 10.74 mA
IMU is on
Gyro_X: -0.11 Gyro_Y: -0.04 Gyro_Z: 0.18 Time: 47694
Photoresistor: 11.20 (0-1023 scale)
Temp: 22.58 C
Batt Voltage: 4.37 V
Button: 1(1 yes, 0 no)
Button valid: false
Current: 3.22 mA
IMU is on
Gyro_X: -0.19 Gyro_Y: -0.20 Gyro_Z: -0.09 Time: 47897
Photoresistor: 11.35 (0-1023 scale)
Temp: 21.94 C
Batt Voltage: 4.37 V
Button: 1(1 yes, 0 no)
Button valid: false
Current: 11.82 mA
IMU is on
Gyro_X: -0.14 Gyro_Y: 0.14 Gyro_Z: -0.31 Time: 48100
Photoresistor: 11.40 (0-1023 scale)
Temp: 22.58 C
Batt Voltage: 4.37 V
Button: 1(1 yes, 0 no)
Button valid: false
Current: 17.19 mA
IMU is on
Gyro_X: -0.10 Gyro_Y: -0.03 Gyro_Z: -0.15 Time: 48303
Photoresistor: 11.15 (0-1023 scale)
Temp: 22.26 C
Batt Voltage: 4.37 V
Button: 1(1 yes, 0 no)
Button valid: false
Current: 8.59 mA
IMU is on
Gyro_X: -3.20 Gyro_Y: 1.28 Gyro_Z: 2.51 Time: 48507
Photoresistor: 11.10 (0-1023 scale)
Temp: 22.26 C
Batt Voltage: 4.37 V
Button: 1(1 yes, 0 no)
Button valid: false
Current: 3.22 mA
IMU is on
Gyro_X: -4.93 Gyro_Y: 2.45 Gyro_Z: 3.86 Time: 48710
Photoresistor: 11.15 (0-1023 scale)
Temp: 21.94 C
Batt Voltage: 4.37 V
Button: 1(1 yes, 0 no)
Button valid: false
Current: 19.34 mA
IMU is on
Gyro_X: -4.98 Gyro_Y: 1.70 Gyro_Z: 3.56 Time: 48913
Photoresistor: 11.25 (0-1023 scale)
Temp: 22.90 C
Batt Voltage: 4.37 V
Button: 1(1 yes, 0 no)
Button valid: false
Current: 11.82 mA
IMU is on
Gyro_X: -4.74 Gyro_Y: 1.63 Gyro_Z: 3.77 Time: 49117
Photoresistor: 11.30 (0-1023 scale)
Temp: 21.94 C
Batt Voltage: 4.37 V
Button: 1(1 yes, 0 no)
Button valid: false
Current: 12.89 mA
IMU is on
Gyro_X: -4.58 Gyro_Y: 1.87 Gyro_Z: 3.34 Time: 49320
Photoresistor: 11.30 (0-1023 scale)
Temp: 22.58 C
Batt Voltage: 4.37 V
Button: 1(1 yes, 0 no)
Button valid: false
Current: 11.82 mA
IMU is on
Gyro_X: -4.45 Gyro_Y: 1.12 Gyro_Z: 3.15 Time: 49523
Photoresistor: 11.15 (0-1023 scale)
Temp: 23.23 C
Batt Voltage: 4.37 V
Button: 1(1 yes, 0 no)
Button valid: false
Current: 17.19 mA
IMU is on
Gyro_X: -3.82 Gyro_Y: 1.27 Gyro_Z: 3.13 Time: 49727
Photoresistor: 11.20 (0-1023 scale)
Temp: 22.26 C
Batt Voltage: 4.37 V
Button: 1(1 yes, 0 no)
Button valid: false
Current: 13.96 mA
IMU is on
Gyro_X: -3.56 Gyro_Y: 1.30 Gyro_Z: 2.63 Time: 49930
Photoresistor: 11.30 (0-1023 scale)
Temp: 22.58 C
Batt Voltage: 4.37 V
Button: 1(1 yes, 0 no)
Button valid: false
Current: 3.22 mA
IMU is on
Gyro_X: -3.33 Gyro_Y: 0.85 Gyro_Z: 2.28 Time: 50133
Photoresistor: 11.30 (0-1023 scale)
Temp: 22.26 C
Batt Voltage: 4.37 V
Button: 1(1 yes, 0 no)
Button valid: false
Current: 6.45 mA
IMU is on
Gyro_X: -2.78 Gyro_Y: 0.86 Gyro_Z: 2.10 Time: 50337
Photoresistor: 11.35 (0-1023 scale)
Temp: 22.58 C
Batt Voltage: 4.37 V
Button: 1(1 yes, 0 no)
Button valid: false
Current: 9.67 mA
IMU is on
Gyro_X: -2.33 Gyro_Y: 0.88 Gyro_Z: 1.74 Time: 50540
Photoresistor: 11.30 (0-1023 scale)
Temp: 21.94 C
Batt Voltage: 4.37 V
Button: 1(1 yes, 0 no)
Button valid: false
Current: 6.45 mA
IMU is on
Gyro_X: -1.98 Gyro_Y: 0.89 Gyro_Z: 1.24 Time: 50743
Photoresistor: 11.35 (0-1023 scale)
Temp: 22.26 C
Batt Voltage: 4.37 V
Button: 1(1 yes, 0 no)
Button valid: false
Current: 15.04 mA
IMU is on
Gyro_X: -1.54 Gyro_Y: 0.76 Gyro_Z: 0.90 Time: 50947
Photoresistor: 11.40 (0-1023 scale)
Temp: 21.94 C
Batt Voltage: 4.37 V
Button: 1(1 yes, 0 no)
Button valid: false
Current: 3.22 mA
IMU is on
Gyro_X: -0.96 Gyro_Y: 0.35 Gyro_Z: 0.84 Time: 51150
Photoresistor: 11.35 (0-1023 scale)
Temp: 21.94 C
Batt Voltage: 4.37 V
Button: 1(1 yes, 0 no)
Button valid: false
Current: 31.15 mA
IMU is on
Gyro_X: -0.31 Gyro_Y: 0.30 Gyro_Z: 0.73 Time: 51353
Photoresistor: 11.20 (0-1023 scale)
Temp: 22.18 C
Batt Voltage: 4.37 V
Button: 1(1 yes, 0 no)
Button valid: false
Current: 3.22 mA
IMU is on
Gyro_X: 0.10 Gyro_Y: 0.23 Gyro_Z: 0.36 Time: 51557
Photoresistor: 11.00 (0-1023 scale)
Temp: 22.18 C
Batt Voltage: 4.37 V
Button: 1(1 yes, 0 no)
Button valid: false
Current: 5.37 mA
IMU is on
Gyro_X: 0.18 Gyro_Y: -0.25 Gyro_Z: -0.21 Time: 51760
Photoresistor: 10.95 (0-1023 scale)
Temp: 22.18 C
Batt Voltage: 4.37 V
Button: 1(1 yes, 0 no)
Button valid: false
Current: 11.82 mA
IMU is on
Gyro_X: 0.34 Gyro_Y: -0.35 Gyro_Z: -0.80 Time: 51964
Photoresistor: 10.90 (0-1023 scale)
Temp: 22.19 C
Batt Voltage: 4.37 V
Button: 1(1 yes, 0 no)
Button valid: false
Current: 3.22 mA
IMU is on
Gyro_X: 0.78 Gyro_Y: -0.22 Gyro_Z: -1.11 Time: 52167
Photoresistor: 10.80 (0-1023 scale)
Temp: 22.19 C
Batt Voltage: 4.37 V
Button: 1(1 yes, 0 no)
Button valid: false
Current: 11.82 mA
IMU is on
Gyro_X: 1.30 Gyro_Y: -0.47 Gyro_Z: -1.10 Time: 52371
Photoresistor: 11.00 (0-1023 scale)
Temp: 22.20 C
Batt Voltage: 4.37 V
Button: 1(1 yes, 0 no)
Button valid: false
Current: 10.74 mA
IMU is on
Gyro_X: 1.71 Gyro_Y: -0.82 Gyro_Z: -1.12 Time: 52574
Photoresistor: 11.05 (0-1023 scale)
Temp: 22.20 C
Batt Voltage: 4.37 V
Button: 1(1 yes, 0 no)
Button valid: false
Current: 11.82 mA
IMU is on
Gyro_X: 1.87 Gyro_Y: -1.02 Gyro_Z: -1.45 Time: 52778
Photoresistor: 10.85 (0-1023 scale)
Temp: 22.21 C
Batt Voltage: 4.37 V
Button: 1(1 yes, 0 no)
Button valid: false
Current: 15.04 mA
IMU is on
Gyro_X: 2.04 Gyro_Y: -0.89 Gyro_Z: -1.83 Time: 52981
Photoresistor: 10.80 (0-1023 scale)
Temp: 22.21 C
Batt Voltage: 4.37 V
Button: 1(1 yes, 0 no)
Button valid: false
Current: 24.71 mA
IMU is on
Gyro_X: 2.52 Gyro_Y: -0.59 Gyro_Z: -1.84 Time: 53184
Photoresistor: 10.70 (0-1023 scale)
Temp: 22.22 C
Batt Voltage: 4.37 V
Button: 1(1 yes, 0 no)
Button valid: false
Current: 4.30 mA
IMU is on
Gyro_X: 2.76 Gyro_Y: -0.93 Gyro_Z: -1.80 Time: 53388
Photoresistor: 10.70 (0-1023 scale)
Temp: 22.22 C
Batt Voltage: 4.37 V
Button: 1(1 yes, 0 no)
Button valid: false
Current: 8.59 mA
IMU is on
Gyro_X: 2.62 Gyro_Y: -1.20 Gyro_Z: -2.20 Time: 53591
Photoresistor: 10.85 (0-1023 scale)
Temp: 22.23 C
Batt Voltage: 4.37 V
Button: 1(1 yes, 0 no)
Button valid: false
Current: 6.45 mA
IMU is on
Gyro_X: 2.83 Gyro_Y: -0.71 Gyro_Z: -2.47 Time: 53795
Photoresistor: 10.80 (0-1023 scale)
Temp: 22.23 C
Batt Voltage: 4.37 V
Button: 1(1 yes, 0 no)
Button valid: false
Current: 5.37 mA
IMU is on
Gyro_X: 3.18 Gyro_Y: -0.79 Gyro_Z: -2.25 Time: 53998
Photoresistor: 10.80 (0-1023 scale)
Temp: 22.24 C
Batt Voltage: 4.37 V
Button: 1(1 yes, 0 no)
Button valid: false
Current: 11.82 mA
IMU is on
Gyro_X: 3.02 Gyro_Y: -1.29 Gyro_Z: -2.41 Time: 54202
Photoresistor: 10.85 (0-1023 scale)
Temp: 22.24 C
Batt Voltage: 4.37 V
Button: 1(1 yes, 0 no)
Button valid: false
Current: 6.45 mA
IMU is on
Gyro_X: 2.98 Gyro_Y: -0.93 Gyro_Z: -2.76 Time: 54405
Photoresistor: 10.85 (0-1023 scale)
Temp: 22.25 C
Batt Voltage: 4.37 V
Button: 1(1 yes, 0 no)
Button valid: false
Current: 3.22 mA
IMU is on
Gyro_X: 3.27 Gyro_Y: -0.74 Gyro_Z: -2.57 Time: 54609
Photoresistor: 10.85 (0-1023 scale)
Temp: 22.25 C
Batt Voltage: 4.37 V
Button: 1(1 yes, 0 no)
Button valid: false
Current: 6.45 mA
IMU is on
Gyro_X: 3.22 Gyro_Y: -1.22 Gyro_Z: -2.49 Time: 54812
Photoresistor: 10.85 (0-1023 scale)
Temp: 22.25 C
Batt Voltage: 4.37 V
Button: 1(1 yes, 0 no)
Button valid: false
Current: 10.74 mA
IMU is on
Gyro_X: 3.00 Gyro_Y: -1.11 Gyro_Z: -2.79 Time: 55016
Photoresistor: 10.80 (0-1023 scale)
Temp: 22.25 C
Batt Voltage: 4.37 V
Button: 1(1 yes, 0 no)
Button valid: false
Current: 11.82 mA
IMU is on
Gyro_X: 3.14 Gyro_Y: -0.75 Gyro_Z: -2.74 Time: 55219
Photoresistor: 10.65 (0-1023 scale)
Temp: 22.26 C
Batt Voltage: 4.37 V
Button: 1(1 yes, 0 no)
Button valid: false
Current: 6.45 mA
IMU is on
Gyro_X: 3.18 Gyro_Y: -1.03 Gyro_Z: -2.48 Time: 55423
Photoresistor: 10.85 (0-1023 scale)
Temp: 22.26 C
Batt Voltage: 4.37 V
Button: 1(1 yes, 0 no)
Button valid: false
Current: 3.22 mA
IMU is on
Gyro_X: 2.86 Gyro_Y: -1.19 Gyro_Z: -2.64 Time: 55626
Photoresistor: 11.10 (0-1023 scale)
Temp: 22.26 C
Batt Voltage: 4.37 V
Button: 1(1 yes, 0 no)
Button valid: false
Current: 27.93 mA
IMU is on
Gyro_X: 2.79 Gyro_Y: -0.81 Gyro_Z: -2.72 Time: 55830
Photoresistor: 11.10 (0-1023 scale)
Temp: 22.27 C
Batt Voltage: 4.37 V
Button: 1(1 yes, 0 no)
Button valid: false
Current: 26.86 mA
IMU is on
Gyro_X: 2.90 Gyro_Y: -0.82 Gyro_Z: -2.39 Time: 56033
Photoresistor: 11.10 (0-1023 scale)
Temp: 22.27 C
Batt Voltage: 4.37 V
Button: 1(1 yes, 0 no)
Button valid: false
Current: 6.45 mA
IMU is on
Gyro_X: 2.64 Gyro_Y: -1.16 Gyro_Z: -2.30 Time: 56237
Photoresistor: 11.10 (0-1023 scale)
Temp: 22.27 C
Batt Voltage: 4.37 V
Button: 1(1 yes, 0 no)
Button valid: false
Current: 5.37 mA
IMU is on
Gyro_X: 2.31 Gyro_Y: -1.00 Gyro_Z: -2.46 Time: 56440
Photoresistor: 10.95 (0-1023 scale)
Temp: 22.28 C
Batt Voltage: 4.37 V
Button: 1(1 yes, 0 no)
Button valid: false
Current: 11.82 mA
IMU is on
Gyro_X: 2.35 Gyro_Y: -0.67 Gyro_Z: -2.21 Time: 56644
Photoresistor: 10.95 (0-1023 scale)
Temp: 22.28 C
Batt Voltage: 4.37 V
Button: 1(1 yes, 0 no)
Button valid: false
Current: 10.74 mA
IMU is on
Gyro_X: 2.30 Gyro_Y: -0.92 Gyro_Z: -1.82 Time: 56847
Photoresistor: 11.10 (0-1023 scale)
Temp: 22.29 C
Batt Voltage: 4.37 V
Button: 1(1 yes, 0 no)
Button valid: false
Current: 15.04 mA
IMU is on
Gyro_X: 1.91 Gyro_Y: -1.19 Gyro_Z: -1.81 Time: 57051
Photoresistor: 11.15 (0-1023 scale)
Temp: 22.29 C
Batt Voltage: 4.37 V
Button: 1(1 yes, 0 no)
Button valid: false
Current: 20.41 mA
IMU is on
Gyro_X: 1.72 Gyro_Y: -0.86 Gyro_Z: -1.84 Time: 57254
Photoresistor: 11.25 (0-1023 scale)
Temp: 22.30 C
Batt Voltage: 4.37 V
Button: 1(1 yes, 0 no)
Button valid: false
Current: 22.56 mA
IMU is on
Gyro_X: 1.85 Gyro_Y: -0.58 Gyro_Z: -1.47 Time: 57458
Photoresistor: 11.30 (0-1023 scale)
Temp: 22.31 C
Batt Voltage: 4.37 V
Button: 1(1 yes, 0 no)
Button valid: false
Current: 3.22 mA
IMU is on
Gyro_X: 1.80 Gyro_Y: -0.78 Gyro_Z: -1.07 Time: 57661
Photoresistor: 11.15 (0-1023 scale)
Temp: 22.31 C
Batt Voltage: 4.37 V
Button: 1(1 yes, 0 no)
Button valid: false
Current: 20.41 mA
IMU is on
Gyro_X: 1.49 Gyro_Y: -0.85 Gyro_Z: -1.03 Time: 57865
Photoresistor: 11.15 (0-1023 scale)
Temp: 22.31 C
Batt Voltage: 4.37 V
Button: 1(1 yes, 0 no)
Button valid: false
Current: 4.30 mA
IMU is on
Gyro_X: 1.23 Gyro_Y: -0.46 Gyro_Z: -1.12 Time: 58068
Photoresistor: 11.20 (0-1023 scale)
Temp: 22.32 C
Batt Voltage: 4.37 V
Button: 1(1 yes, 0 no)
Button valid: false
Current: 22.56 mA
IMU is on
Gyro_X: 1.15 Gyro_Y: -0.06 Gyro_Z: -0.99 Time: 58272
Photoresistor: 11.45 (0-1023 scale)
Temp: 22.32 C
Batt Voltage: 4.37 V
Button: 1(1 yes, 0 no)
Button valid: false
Current: 4.30 mA
IMU is on
Gyro_X: 1.06 Gyro_Y: -0.01 Gyro_Z: -0.72 Time: 58475
Photoresistor: 11.35 (0-1023 scale)
Temp: 22.32 C
Batt Voltage: 4.37 V
Button: 1(1 yes, 0 no)
Button valid: false
Current: 10.74 mA
IMU is on
Gyro_X: 0.74 Gyro_Y: -0.27 Gyro_Z: -0.56 Time: 58679
Photoresistor: 11.25 (0-1023 scale)
Temp: 22.32 C
Batt Voltage: 4.37 V
Button: 1(1 yes, 0 no)
Button valid: false
Current: 26.86 mA
IMU is on
Gyro_X: 0.31 Gyro_Y: -0.48 Gyro_Z: -0.56 Time: 58882
Photoresistor: 11.30 (0-1023 scale)
Temp: 22.32 C
Batt Voltage: 4.37 V
Button: 1(1 yes, 0 no)
Button valid: false
Current: 11.82 mA
IMU is on
Gyro_X: 0.07 Gyro_Y: -0.34 Gyro_Z: -0.48 Time: 59086
Photoresistor: 11.25 (0-1023 scale)
Temp: 22.32 C
Batt Voltage: 4.37 V
Button: 1(1 yes, 0 no)
Button valid: false
Current: 4.30 mA
IMU is on
Gyro_X: 0.09 Gyro_Y: -0.02 Gyro_Z: -0.21 Time: 59289
Photoresistor: 11.40 (0-1023 scale)
Temp: 22.32 C
Batt Voltage: 4.37 V
Button: 1(1 yes, 0 no)
Button valid: false
Current: 23.63 mA
IMU is on
Gyro_X: 0.15 Gyro_Y: 0.19 Gyro_Z: 0.14 Time: 59492
Photoresistor: 11.25 (0-1023 scale)
Temp: 22.33 C
Batt Voltage: 4.37 V
Button: 1(1 yes, 0 no)
Button valid: false
Current: 11.82 mA
IMU is on
Gyro_X: 0.07 Gyro_Y: 0.27 Gyro_Z: 0.34 Time: 59696
Photoresistor: 11.10 (0-1023 scale)
Temp: 22.33 C
Batt Voltage: 4.37 V
Button: 1(1 yes, 0 no)
Button valid: false
Current: 4.30 mA
IMU is on
Gyro_X: -0.25 Gyro_Y: 0.15 Gyro_Z: 0.33 Time: 59899
Photoresistor: 11.20 (0-1023 scale)
Temp: 22.33 C
Batt Voltage: 4.37 V
Button: 1(1 yes, 0 no)
Button valid: false
Current: 7.52 mA
IMU is on
Gyro_X: -0.62 Gyro_Y: -0.07 Gyro_Z: 0.26 Time: 60103
Photoresistor: 11.25 (0-1023 scale)
Temp: 22.33 C
Batt Voltage: 4.37 V
Button: 1(1 yes, 0 no)
Button valid: false
Current: 3.22 mA
IMU is on
Gyro_X: -0.80 Gyro_Y: -0.09 Gyro_Z: 0.31 Time: 60306
Photoresistor: 11.20 (0-1023 scale)
Temp: 22.33 C
Batt Voltage: 4.37 V
Button: 1(1 yes, 0 no)
Button valid: false
Current: 6.45 mA
IMU is on
Gyro_X: -0.76 Gyro_Y: 0.16 Gyro_Z: 0.45 Time: 60510
Photoresistor: 11.20 (0-1023 scale)
Temp: 22.33 C
Batt Voltage: 4.37 V
Button: 1(1 yes, 0 no)
Button valid: false
Current: 3.22 mA
IMU is on
Gyro_X: -0.68 Gyro_Y: 0.51 Gyro_Z: 0.56 Time: 60713
Photoresistor: 11.20 (0-1023 scale)
Temp: 22.34 C
Batt Voltage: 4.31 V
Button: 1(1 yes, 0 no)
Button valid: false
Current: 11.82 mA
IMU is on
Gyro_X: -0.69 Gyro_Y: 0.69 Gyro_Z: 0.59 Time: 60917
Photoresistor: 11.15 (0-1023 scale)
Temp: 22.34 C
Batt Voltage: 4.31 V
Button: 1(1 yes, 0 no)
Button valid: false
Current: 29.00 mA
IMU is on
Gyro_X: -0.78 Gyro_Y: 0.51 Gyro_Z: 0.64 Time: 61120
Photoresistor: 11.10 (0-1023 scale)
Temp: 22.34 C
Batt Voltage: 4.31 V
Button: 1(1 yes, 0 no)
Button valid: false
Current: 5.37 mA
IMU is on
Gyro_X: -0.83 Gyro_Y: 0.11 Gyro_Z: 0.80 Time: 61324
Photoresistor: 11.20 (0-1023 scale)
Temp: 22.34 C
Batt Voltage: 4.37 V
Button: 1(1 yes, 0 no)
Button valid: false
Current: 4.30 mA
IMU is on
Gyro_X: -0.81 Gyro_Y: 0.00 Gyro_Z: 0.94 Time: 61527
Photoresistor: 11.15 (0-1023 scale)
Temp: 22.34 C
Batt Voltage: 4.37 V
Button: 1(1 yes, 0 no)
Button valid: false
Current: 20.41 mA
IMU is on
Gyro_X: -0.86 Gyro_Y: 0.16 Gyro_Z: 0.85 Time: 61731
Photoresistor: 11.25 (0-1023 scale)
Temp: 22.34 C
Batt Voltage: 4.37 V
Button: 1(1 yes, 0 no)
Button valid: false
Current: 20.41 mA
IMU is on
Gyro_X: -1.03 Gyro_Y: 0.36 Gyro_Z: 0.59 Time: 61934
Photoresistor: 11.15 (0-1023 scale)
Temp: 22.34 C
Batt Voltage: 4.37 V
Button: 1(1 yes, 0 no)
Button valid: false
Current: 21.48 mA
IMU is on
Gyro_X: -1.16 Gyro_Y: 0.44 Gyro_Z: 0.43 Time: 62138
Photoresistor: 11.00 (0-1023 scale)
Temp: 22.34 C
Batt Voltage: 4.37 V
Button: 1(1 yes, 0 no)
Button valid: false
Current: 12.89 mA
IMU is on
Gyro_X: -1.10 Gyro_Y: 0.38 Gyro_Z: 0.55 Time: 62341
Photoresistor: 10.70 (0-1023 scale)
Temp: 22.34 C
Batt Voltage: 4.32 V
Button: 1(1 yes, 0 no)
Button valid: false
Current: 3.22 mA
IMU is on
Gyro_X: -0.88 Gyro_Y: 0.42 Gyro_Z: 0.83 Time: 62545
Photoresistor: 10.75 (0-1023 scale)
Temp: 22.34 C
Batt Voltage: 4.32 V
Button: 1(1 yes, 0 no)
Button valid: false
Current: 16.11 mA
IMU is on
Gyro_X: -0.73 Gyro_Y: 0.59 Gyro_Z: 0.99 Time: 62748
Photoresistor: 10.85 (0-1023 scale)
Temp: 22.34 C
Batt Voltage: 4.32 V
Button: 1(1 yes, 0 no)
Button valid: false
Current: 32.23 mA
IMU is on
Gyro_X: -0.81 Gyro_Y: 0.56 Gyro_Z: 0.92 Time: 62952
Photoresistor: 11.05 (0-1023 scale)
Temp: 22.35 C
Batt Voltage: 4.37 V
Button: 1(1 yes, 0 no)
Button valid: false
Current: 12.89 mA
IMU is on
Gyro_X: -1.04 Gyro_Y: 0.25 Gyro_Z: 0.83 Time: 63155
Photoresistor: 11.15 (0-1023 scale)
Temp: 22.35 C
Batt Voltage: 4.37 V
Button: 1(1 yes, 0 no)
Button valid: false
Current: 6.45 mA
IMU is on
Gyro_X: -1.14 Gyro_Y: 0.02 Gyro_Z: 0.85 Time: 63359
Photoresistor: 11.00 (0-1023 scale)
Temp: 22.35 C
Batt Voltage: 4.37 V
Button: 1(1 yes, 0 no)
Button valid: false
Current: 11.82 mA
IMU is on
Gyro_X: -1.12 Gyro_Y: 0.09 Gyro_Z: 0.88 Time: 63562
Photoresistor: 11.00 (0-1023 scale)
Temp: 22.35 C
Batt Voltage: 4.37 V
Button: 1(1 yes, 0 no)
Button valid: false
Current: 10.74 mA
IMU is on
Gyro_X: -1.13 Gyro_Y: 0.42 Gyro_Z: 0.81 Time: 63766
Photoresistor: 11.05 (0-1023 scale)
Temp: 22.36 C
Batt Voltage: 4.37 V
Button: 1(1 yes, 0 no)
Button valid: false
Current: 6.45 mA
IMU is on
Gyro_X: -1.20 Gyro_Y: 0.69 Gyro_Z: 0.65 Time: 63969
Photoresistor: 11.00 (0-1023 scale)
Temp: 22.36 C
Batt Voltage: 4.31 V
Button: 1(1 yes, 0 no)
Button valid: false
Current: 26.86 mA
IMU is on
Gyro_X: -1.24 Gyro_Y: 0.62 Gyro_Z: 0.65 Time: 64172
Photoresistor: 10.95 (0-1023 scale)
Temp: 22.36 C
Batt Voltage: 4.31 V
Button: 1(1 yes, 0 no)
Button valid: false
Current: 8.59 mA
IMU is on
Gyro_X: -1.10 Gyro_Y: 0.44 Gyro_Z: 0.91 Time: 64376
Photoresistor: 11.00 (0-1023 scale)
Temp: 22.36 C
Batt Voltage: 4.31 V
Button: 1(1 yes, 0 no)
Button valid: false
Current: 10.74 mA
IMU is on
Gyro_X: -0.89 Gyro_Y: 0.45 Gyro_Z: 1.15 Time: 64579
Photoresistor: 11.05 (0-1023 scale)
Temp: 22.37 C
Batt Voltage: 4.37 V
Button: 1(1 yes, 0 no)
Button valid: false
Current: 20.41 mA
IMU is on
Gyro_X: -0.87 Gyro_Y: 0.51 Gyro_Z: 1.12 Time: 64783
Photoresistor: 11.00 (0-1023 scale)
Temp: 22.37 C
Batt Voltage: 4.37 V
Button: 1(1 yes, 0 no)
Button valid: false
Current: 19.34 mA
IMU is on
Gyro_X: -1.06 Gyro_Y: 0.36 Gyro_Z: 0.91 Time: 64986
Photoresistor: 11.00 (0-1023 scale)
Temp: 22.37 C
Batt Voltage: 4.37 V
Button: 1(1 yes, 0 no)
Button valid: false
Current: 3.22 mA
IMU is on
Gyro_X: -1.21 Gyro_Y: 0.13 Gyro_Z: 0.76 Time: 65190
Photoresistor: 11.10 (0-1023 scale)
Temp: 22.37 C
Batt Voltage: 4.37 V
Button: 1(1 yes, 0 no)
Button valid: false
Current: 3.22 mA
IMU is on
Gyro_X: -1.17 Gyro_Y: 0.05 Gyro_Z: 0.74 Time: 65393
Photoresistor: 11.10 (0-1023 scale)
Temp: 22.38 C
Batt Voltage: 4.37 V
Button: 1(1 yes, 0 no)
Button valid: false
Current: 7.52 mA
IMU is on
Gyro_X: -1.02 Gyro_Y: 0.28 Gyro_Z: 0.73 Time: 65597
Photoresistor: 11.15 (0-1023 scale)
Temp: 22.38 C
Batt Voltage: 4.32 V
Button: 1(1 yes, 0 no)
Button valid: false
Current: 17.19 mA
IMU is on
Gyro_X: -0.89 Gyro_Y: 0.62 Gyro_Z: 0.60 Time: 65800
Photoresistor: 11.10 (0-1023 scale)
Temp: 22.38 C
Batt Voltage: 4.32 V
Button: 1(1 yes, 0 no)
Button valid: false
Current: 27.93 mA
IMU is on
Gyro_X: -0.84 Gyro_Y: 0.66 Gyro_Z: 0.49 Time: 66004
Photoresistor: 11.20 (0-1023 scale)
Temp: 22.38 C
Batt Voltage: 4.32 V
Button: 1(1 yes, 0 no)
Button valid: false
Current: 15.04 mA
IMU is on
Gyro_X: -0.76 Gyro_Y: 0.38 Gyro_Z: 0.56 Time: 66207
Photoresistor: 11.15 (0-1023 scale)
Temp: 22.38 C
Batt Voltage: 4.37 V
Button: 1(1 yes, 0 no)
Button valid: false
Current: 36.52 mA
IMU is on
Gyro_X: -0.58 Gyro_Y: 0.10 Gyro_Z: 0.72 Time: 66411
Photoresistor: 11.30 (0-1023 scale)
Temp: 22.38 C
Batt Voltage: 4.37 V
Button: 1(1 yes, 0 no)
Button valid: false
Current: 11.82 mA
IMU is on
Gyro_X: -0.45 Gyro_Y: 0.00 Gyro_Z: 0.75 Time: 66614
Photoresistor: 11.35 (0-1023 scale)
Temp: 22.38 C
Batt Voltage: 4.37 V
Button: 1(1 yes, 0 no)
Button valid: false
Current: 4.30 mA
IMU is on
Gyro_X: 0.10 Gyro_Y: 0.89 Gyro_Z: 1.04 Time: 66817
Photoresistor: 11.40 (0-1023 scale)
Temp: 22.39 C
Batt Voltage: 4.37 V
Button: 1(1 yes, 0 no)
Button valid: false
Current: 10.74 mA
IMU is on
Gyro_X: 2.24 Gyro_Y: 1.30 Gyro_Z: 0.66 Time: 67021
Photoresistor: 17.95 (0-1023 scale)
Temp: 22.40 C
Batt Voltage: 4.37 V
Button: 1(1 yes, 0 no)
Button valid: false
Current: 4.30 mA
IMU is on
Gyro_X: -1.88 Gyro_Y: -1.20 Gyro_Z: -0.06 Time: 67224
Photoresistor: 27.65 (0-1023 scale)
Temp: 22.40 C
Batt Voltage: 4.32 V
Button: 1(1 yes, 0 no)
Button valid: false
Current: 18.26 mA
IMU is on
Gyro_X: -1.64 Gyro_Y: 0.05 Gyro_Z: -1.16 Time: 67428
Photoresistor: 37.70 (0-1023 scale)
Temp: 22.40 C
Batt Voltage: 4.31 V
Button: 1(1 yes, 0 no)
Button valid: false
Current: 3.22 mA
IMU is on
Gyro_X: 1.19 Gyro_Y: 0.23 Gyro_Z: 0.76 Time: 67631
Photoresistor: 53.15 (0-1023 scale)
Temp: 22.40 C
Batt Voltage: 4.31 V
Button: 1(1 yes, 0 no)
Button valid: false
Current: 4.30 mA
IMU is on
Gyro_X: 0.22 Gyro_Y: -0.32 Gyro_Z: 0.40 Time: 67835
Photoresistor: 66.35 (0-1023 scale)
Temp: 22.40 C
Batt Voltage: 4.37 V
Button: 1(1 yes, 0 no)
Button valid: false
Current: 4.30 mA
IMU is on
Gyro_X: -0.17 Gyro_Y: 0.49 Gyro_Z: -0.48 Time: 68038
Photoresistor: 78.75 (0-1023 scale)
Temp: 22.40 C
Batt Voltage: 4.37 V
Button: 1(1 yes, 0 no)
Button valid: false
Current: 13.96 mA
IMU is on
Gyro_X: 0.25 Gyro_Y: -0.04 Gyro_Z: 0.04 Time: 68242
Photoresistor: 91.55 (0-1023 scale)
Temp: 22.40 C
Batt Voltage: 4.37 V
Button: 1(1 yes, 0 no)
Button valid: false
Current: 23.63 mA
IMU is on
Gyro_X: 0.02 Gyro_Y: -0.17 Gyro_Z: -0.46 Time: 68445
Photoresistor: 104.00 (0-1023 scale)
Temp: 22.41 C
Batt Voltage: 4.37 V
Button: 1(1 yes, 0 no)
Button valid: false
Current: 20.41 mA
IMU is on
Gyro_X: 0.04 Gyro_Y: -0.16 Gyro_Z: -0.44 Time: 68649
Photoresistor: 117.75 (0-1023 scale)
Temp: 22.41 C
Batt Voltage: 4.37 V
Button: 1(1 yes, 0 no)
Button valid: false
Current: 6.45 mA
IMU is on
Gyro_X: 0.19 Gyro_Y: -0.51 Gyro_Z: -0.18 Time: 68852
Photoresistor: 131.70 (0-1023 scale)
Temp: 22.41 C
Batt Voltage: 4.32 V
Button: 1(1 yes, 0 no)
Button valid: false
Current: 3.22 mA
IMU is on
Gyro_X: 0.51 Gyro_Y: -0.06 Gyro_Z: 0.05 Time: 69056
Photoresistor: 145.55 (0-1023 scale)
Temp: 22.41 C
Batt Voltage: 4.32 V
Button: 1(1 yes, 0 no)
Button valid: false
Current: 17.19 mA
IMU is on
Gyro_X: 0.53 Gyro_Y: -0.00 Gyro_Z: 0.05 Time: 69259
Photoresistor: 159.35 (0-1023 scale)
Temp: 22.41 C
Batt Voltage: 4.32 V
Button: 1(1 yes, 0 no)
Button valid: false
Current: 21.48 mA
IMU is on
Gyro_X: 0.31 Gyro_Y: -0.07 Gyro_Z: -0.23 Time: 69463
Photoresistor: 174.10 (0-1023 scale)
Temp: 22.41 C
Batt Voltage: 4.37 V
Button: 1(1 yes, 0 no)
Button valid: false
Current: 22.56 mA
IMU is on
Gyro_X: 0.19 Gyro_Y: 0.19 Gyro_Z: -0.54 Time: 69666
Photoresistor: 190.00 (0-1023 scale)
Temp: 22.41 C
Batt Voltage: 4.37 V
Button: 1(1 yes, 0 no)
Button valid: false
Current: 31.15 mA
IMU is on
Gyro_X: 0.06 Gyro_Y: -0.23 Gyro_Z: -0.57 Time: 69870
Photoresistor: 205.65 (0-1023 scale)
Temp: 22.41 C
Batt Voltage: 4.37 V
Button: 1(1 yes, 0 no)
Button valid: false
Current: 27.93 mA
IMU is on
Gyro_X: 0.18 Gyro_Y: -0.31 Gyro_Z: -0.38 Time: 70073
Photoresistor: 339.00 (0-1023 scale)
Temp: 22.41 C
Batt Voltage: 4.37 V
Button: 1(1 yes, 0 no)
Button valid: false
Current: 15.04 mA
IMU is on
Gyro_X: 0.42 Gyro_Y: -0.28 Gyro_Z: -0.07 Time: 70277
Photoresistor: 349.00 (0-1023 scale)
Temp: 22.41 C
Batt Voltage: 4.37 V
Button: 1(1 yes, 0 no)
Button valid: false
Current: 6.45 mA
IMU is on
Gyro_X: 0.46 Gyro_Y: -0.45 Gyro_Z: 0.05 Time: 70480
Photoresistor: 438.00 (0-1023 scale)
Temp: 22.41 C
Batt Voltage: 4.31 V
Button: 1(1 yes, 0 no)
Button valid: false
Current: 11.82 mA
IMU is on
Gyro_X: 0.45 Gyro_Y: 0.03 Gyro_Z: -0.10 Time: 70683
Photoresistor: 520.00 (0-1023 scale)
Temp: 22.40 C
Batt Voltage: 4.31 V
Button: 1(1 yes, 0 no)
Button valid: false
Current: 9.67 mA
IMU is on
Gyro_X: 0.28 Gyro_Y: 0.16 Gyro_Z: -0.37 Time: 70887
Photoresistor: 558.00 (0-1023 scale)
Temp: 22.40 C
Batt Voltage: 4.31 V
Button: 1(1 yes, 0 no)
Button valid: false
Current: 6.45 mA
IMU is on
Gyro_X: 0.12 Gyro_Y: 0.05 Gyro_Z: -0.53 Time: 71090
Photoresistor: 546.00 (0-1023 scale)
Temp: 22.39 C
Batt Voltage: 4.37 V
Button: 1(1 yes, 0 no)
Button valid: false
Current: 23.63 mA
IMU is on
Gyro_X: 0.16 Gyro_Y: 0.02 Gyro_Z: -0.44 Time: 71294
Photoresistor: 531.00 (0-1023 scale)
Temp: 22.38 C
Batt Voltage: 4.37 V
Button: 1(1 yes, 0 no)
Button valid: false
Current: 5.37 mA
IMU is on
Gyro_X: 0.20 Gyro_Y: -0.47 Gyro_Z: -0.19 Time: 71497
Photoresistor: 566.00 (0-1023 scale)
Temp: 22.38 C
Batt Voltage: 4.37 V
Button: 1(1 yes, 0 no)
Button valid: false
Current: 6.45 mA
IMU is on
Gyro_X: 0.30 Gyro_Y: -0.49 Gyro_Z: -0.01 Time: 71701
Photoresistor: 617.00 (0-1023 scale)
Temp: 22.37 C
Batt Voltage: 4.37 V
Button: 1(1 yes, 0 no)
Button valid: false
Current: 6.45 mA
IMU is on
Gyro_X: 0.36 Gyro_Y: -0.16 Gyro_Z: 0.00 Time: 71904
Photoresistor: 647.00 (0-1023 scale)
Temp: 22.36 C
Batt Voltage: 4.37 V
Button: 1(1 yes, 0 no)
Button valid: false
Current: 22.56 mA
IMU is on
Gyro_X: 0.25 Gyro_Y: 0.03 Gyro_Z: -0.15 Time: 72108
Photoresistor: 656.00 (0-1023 scale)
Temp: 22.36 C
Batt Voltage: 4.32 V
Button: 1(1 yes, 0 no)
Button valid: false
Current: 8.59 mA
IMU is on
Gyro_X: 0.19 Gyro_Y: 0.39 Gyro_Z: -0.32 Time: 72311
Photoresistor: 640.00 (0-1023 scale)
Temp: 22.35 C
Batt Voltage: 4.32 V
Button: 1(1 yes, 0 no)
Button valid: false
Current: 20.41 mA
IMU is on
Gyro_X: 0.07 Gyro_Y: 0.14 Gyro_Z: -0.34 Time: 72515
Photoresistor: 625.00 (0-1023 scale)
Temp: 22.35 C
Batt Voltage: 4.32 V
Button: 1(1 yes, 0 no)
Button valid: false
Current: 21.48 mA
IMU is on
Gyro_X: 0.00 Gyro_Y: -0.31 Gyro_Z: -0.21 Time: 72718
Photoresistor: 625.00 (0-1023 scale)
Temp: 22.34 C
Batt Voltage: 4.37 V
Button: 1(1 yes, 0 no)
Button valid: false
Current: 22.56 mA
IMU is on
Gyro_X: 0.09 Gyro_Y: -0.37 Gyro_Z: -0.02 Time: 72922
Photoresistor: 647.00 (0-1023 scale)
Temp: 22.33 C
Batt Voltage: 4.37 V
Button: 1(1 yes, 0 no)
Button valid: false
Current: 5.37 mA
IMU is on
Gyro_X: 0.11 Gyro_Y: -0.37 Gyro_Z: 0.09 Time: 73125
Photoresistor: 662.00 (0-1023 scale)
Temp: 22.32 C
Batt Voltage: 4.37 V
Button: 1(1 yes, 0 no)
Button valid: false
Current: 11.82 mA
IMU is on
Gyro_X: 0.15 Gyro_Y: 0.08 Gyro_Z: 0.05 Time: 73329
Photoresistor: 653.00 (0-1023 scale)
Temp: 22.32 C
Batt Voltage: 4.37 V
Button: 1(1 yes, 0 no)
Button valid: false
Current: 24.71 mA
IMU is on
Gyro_X: 0.10 Gyro_Y: 0.46 Gyro_Z: -0.09 Time: 73532
Photoresistor: 646.00 (0-1023 scale)
Temp: 22.31 C
Batt Voltage: 4.37 V
Button: 1(1 yes, 0 no)
Button valid: false
Current: 3.22 mA
IMU is on
Gyro_X: -0.08 Gyro_Y: 0.23 Gyro_Z: -0.18 Time: 73735
Photoresistor: 620.00 (0-1023 scale)
Temp: 22.31 C
Batt Voltage: 4.31 V
Button: 1(1 yes, 0 no)
Button valid: false
Current: 19.34 mA
IMU is on
Gyro_X: -0.14 Gyro_Y: -0.01 Gyro_Z: -0.12 Time: 73939
Photoresistor: 609.00 (0-1023 scale)
Temp: 22.30 C
Batt Voltage: 4.31 V
Button: 1(1 yes, 0 no)
Button valid: false
Current: 24.71 mA
IMU is on
Gyro_X: -0.13 Gyro_Y: -0.35 Gyro_Z: 0.04 Time: 74142
Photoresistor: 635.00 (0-1023 scale)
Temp: 22.29 C
Batt Voltage: 4.31 V
Button: 1(1 yes, 0 no)
Button valid: false
Current: 19.34 mA
IMU is on
Gyro_X: -0.07 Gyro_Y: -0.38 Gyro_Z: 0.19 Time: 74346
Photoresistor: 646.00 (0-1023 scale)
Temp: 22.29 C
Batt Voltage: 4.37 V
Button: 1(1 yes, 0 no)
Button valid: false
Current: 17.19 mA
IMU is on
Gyro_X: 0.03 Gyro_Y: 0.13 Gyro_Z: 0.18 Time: 74549
Photoresistor: 661.00 (0-1023 scale)
Temp: 22.28 C
Batt Voltage: 4.37 V
Button: 1(1 yes, 0 no)
Button valid: false
Current: 34.38 mA
IMU is on
Gyro_X: -0.05 Gyro_Y: 0.37 Gyro_Z: 0.03 Time: 74753
Photoresistor: 654.00 (0-1023 scale)
Temp: 22.27 C
Batt Voltage: 4.37 V
Button: 1(1 yes, 0 no)
Button valid: false
Current: 11.82 mA
IMU is on
Gyro_X: -0.17 Gyro_Y: 0.39 Gyro_Z: -0.09 Time: 74956
Photoresistor: 638.00 (0-1023 scale)
Temp: 22.26 C
Batt Voltage: 4.37 V
Button: 1(1 yes, 0 no)
Button valid: false
Current: 3.22 mA
IMU is on
Gyro_X: -0.23 Gyro_Y: 0.12 Gyro_Z: -0.06 Time: 75160
Photoresistor: 627.00 (0-1023 scale)
Temp: 22.25 C
Batt Voltage: 4.37 V
Button: 1(1 yes, 0 no)
Button valid: false
Current: 20.41 mA
IMU is on
Gyro_X: -0.24 Gyro_Y: -0.34 Gyro_Z: 0.13 Time: 75363
Photoresistor: 640.00 (0-1023 scale)
Temp: 22.25 C
Batt Voltage: 4.32 V
Button: 1(1 yes, 0 no)
Button valid: false
Current: 6.45 mA
IMU is on
Gyro_X: -0.11 Gyro_Y: -0.27 Gyro_Z: 0.28 Time: 75567
Photoresistor: 661.00 (0-1023 scale)
Temp: 22.24 C
Batt Voltage: 4.32 V
Button: 1(1 yes, 0 no)
Button valid: false
Current: 7.52 mA
IMU is on
Gyro_X: -0.06 Gyro_Y: 0.04 Gyro_Z: 0.25 Time: 75770
Photoresistor: 663.00 (0-1023 scale)
Temp: 22.23 C
Batt Voltage: 4.32 V
Button: 1(1 yes, 0 no)
Button valid: false
Current: 3.22 mA
IMU is on
Gyro_X: -0.12 Gyro_Y: 0.33 Gyro_Z: 0.06 Time: 75974
Photoresistor: 659.00 (0-1023 scale)
Temp: 22.22 C
Batt Voltage: 4.37 V
Button: 1(1 yes, 0 no)
Button valid: false
Current: 20.41 mA
IMU is on
Gyro_X: -0.21 Gyro_Y: 0.47 Gyro_Z: -0.11 Time: 76177
Photoresistor: 636.00 (0-1023 scale)
Temp: 22.22 C
Batt Voltage: 4.37 V
Button: 1(1 yes, 0 no)
Button valid: false
Current: 17.19 mA
IMU is on
Gyro_X: -0.82 Gyro_Y: 0.11 Gyro_Z: 0.48 Time: 76381
Photoresistor: 608.00 (0-1023 scale)
Temp: 22.21 C
Batt Voltage: 4.37 V
Button: 1(1 yes, 0 no)
Button valid: false
Current: 11.82 mA
IMU is on
Gyro_X: -0.31 Gyro_Y: 0.28 Gyro_Z: 0.38 Time: 76584
Photoresistor: 602.00 (0-1023 scale)
Temp: 22.21 C
Batt Voltage: 4.37 V
Button: 1(1 yes, 0 no)
Button valid: false
Current: 5.37 mA
IMU is on
Gyro_X: -0.34 Gyro_Y: 0.15 Gyro_Z: 0.42 Time: 76788
Photoresistor: 569.00 (0-1023 scale)
Temp: 22.20 C
Batt Voltage: 4.37 V
Button: 1(1 yes, 0 no)
Button valid: false
Current: 11.82 mA
IMU is on
Gyro_X: -0.36 Gyro_Y: 0.19 Gyro_Z: 0.30 Time: 76991
Photoresistor: 555.00 (0-1023 scale)
Temp: 22.20 C
Batt Voltage: 4.31 V
Button: 1(1 yes, 0 no)
Button valid: false
Current: 13.96 mA
IMU is on
Gyro_X: -0.41 Gyro_Y: 0.10 Gyro_Z: 0.23 Time: 77195
Photoresistor: 488.00 (0-1023 scale)
Temp: 22.20 C
Batt Voltage: 4.31 V
Button: 1(1 yes, 0 no)
Button valid: false
Current: 25.78 mA
IMU is on
Gyro_X: -0.11 Gyro_Y: 0.01 Gyro_Z: 0.02 Time: 77398
Photoresistor: 437.00 (0-1023 scale)
Temp: 22.20 C
Batt Voltage: 4.31 V
Button: 1(1 yes, 0 no)
Button valid: false
Current: 26.86 mA
IMU is on
Gyro_X: 0.23 Gyro_Y: 0.01 Gyro_Z: 0.00 Time: 77601
Photoresistor: 439.00 (0-1023 scale)
Temp: 22.20 C
Batt Voltage: 4.37 V
Button: 1(1 yes, 0 no)
Button valid: false
Current: 4.30 mA
IMU is on
Gyro_X: -0.17 Gyro_Y: 0.02 Gyro_Z: 0.05 Time: 77805
Photoresistor: 434.00 (0-1023 scale)
Temp: 22.20 C
Batt Voltage: 4.37 V
Button: 1(1 yes, 0 no)
Button valid: false
Current: 3.22 mA
IMU is on
Gyro_X: 0.08 Gyro_Y: 0.05 Gyro_Z: -0.01 Time: 78008
Photoresistor: 443.00 (0-1023 scale)
Temp: 22.20 C
Batt Voltage: 4.37 V
Button: 1(1 yes, 0 no)
Button valid: false
Current: 20.41 mA
IMU is on
Gyro_X: -0.15 Gyro_Y: -0.00 Gyro_Z: 0.10 Time: 78212
Photoresistor: 431.00 (0-1023 scale)
Temp: 22.19 C
Batt Voltage: 4.37 V
Button: 1(1 yes, 0 no)
Button valid: false
Current: 3.22 mA
IMU is on
Gyro_X: 0.07 Gyro_Y: 0.02 Gyro_Z: -0.10 Time: 78415
Photoresistor: 431.00 (0-1023 scale)
Temp: 22.19 C
Batt Voltage: 4.37 V
Button: 1(1 yes, 0 no)
Button valid: false
Current: 10.74 mA
IMU is on
Gyro_X: -0.07 Gyro_Y: 0.00 Gyro_Z: -0.01 Time: 78619
Photoresistor: 460.00 (0-1023 scale)
Temp: 22.19 C
Batt Voltage: 4.32 V
Button: 1(1 yes, 0 no)
Button valid: false
Current: 15.04 mA
IMU is on
Gyro_X: -0.07 Gyro_Y: -0.01 Gyro_Z: 0.06 Time: 78822
Photoresistor: 425.00 (0-1023 scale)
Temp: 22.18 C
Batt Voltage: 4.32 V
Button: 1(1 yes, 0 no)
Button valid: false
Current: 32.23 mA
IMU is on
Gyro_X: -0.00 Gyro_Y: -0.03 Gyro_Z: 0.31 Time: 79026
Photoresistor: 434.00 (0-1023 scale)
Temp: 22.18 C
Batt Voltage: 4.32 V
Button: 1(1 yes, 0 no)
Button valid: false
Current: 16.11 mA
IMU is on
Gyro_X: 0.00 Gyro_Y: 0.06 Gyro_Z: -0.21 Time: 79229
Photoresistor: 475.00 (0-1023 scale)
Temp: 22.18 C
Batt Voltage: 4.37 V
Button: 1(1 yes, 0 no)
Button valid: false
Current: 18.26 mA
IMU is on
Gyro_X: -0.43 Gyro_Y: 0.03 Gyro_Z: 0.13 Time: 79433
Photoresistor: 469.00 (0-1023 scale)
Temp: 22.17 C
Batt Voltage: 4.37 V
Button: 1(1 yes, 0 no)
Button valid: false
Current: 4.30 mA
IMU is on
Gyro_X: -0.07 Gyro_Y: 0.08 Gyro_Z: -0.13 Time: 79636
Photoresistor: 441.00 (0-1023 scale)
Temp: 22.18 C
Batt Voltage: 4.37 V
Button: 1(1 yes, 0 no)
Button valid: false
Current: 20.41 mA
IMU is on
Gyro_X: 0.00 Gyro_Y: -0.02 Gyro_Z: 0.02 Time: 79839
Photoresistor: 412.00 (0-1023 scale)
Temp: 22.18 C
